------------------------- 
COMPARING PREVIOUS MINUTE 
""E:\.imgvisor\images\sc_20200308-180351_magick.jpg"" ""E:\.imgvisor\images\sc_20200308-180443_magick.jpg"" 
DIFFERENCE: 10600 vs 700 
FILE IS DIFFERENT ENOUGH TO KEEP 
- 
DELETING OLDER FILES AT COMPUTER SIDE... 
COMPLETE! 
More Recent: "sc_20200308-180542_magick.jpg" 
----------------- 
TAKING SCREENSHOT 
------------------------- 
COMPARING PREVIOUS MINUTE 
""E:\.imgvisor\images\sc_20200308-180542_magick.jpg"" ""E:\.imgvisor\images\sc_20200308-180543_magick.jpg"" 
DIFFERENCE: 1 vs 700 
DELETING TOO SIMILAR SCREENSHOT ""E:\.imgvisor\images\sc_20200308-180543_magick.jpg"" 
- 
DELETING OLDER FILES AT COMPUTER SIDE... 
COMPLETE! 
More Recent: "sc_20200308-180454_magick.jpg" 
----------------- 
TAKING SCREENSHOT 
------------------------- 
COMPARING PREVIOUS MINUTE 
""E:\.imgvisor\images\sc_20200308-180454_magick.jpg"" ""E:\.imgvisor\images\sc_20200308-180643_magick.jpg"" 
DIFFERENCE: 13631 vs 700 
FILE IS DIFFERENT ENOUGH TO KEEP 
- 
DELETING OLDER FILES AT COMPUTER SIDE... 
COMPLETE! 
More Recent: "sc_20200308-180643_magick.jpg" 
----------------- 
TAKING SCREENSHOT 
------------------------- 
COMPARING PREVIOUS MINUTE 
""E:\.imgvisor\images\sc_20200308-180643_magick.jpg"" ""E:\.imgvisor\images\sc_20200308-180743_magick.jpg"" 
DIFFERENCE: 8285 vs 700 
FILE IS DIFFERENT ENOUGH TO KEEP 
- 
DELETING OLDER FILES AT COMPUTER SIDE... 
COMPLETE! 
. 
. 
. 
-------------------------------------------------------------------------------------  
MAGICK-CAPTURE.BAT  
CALCULATING NEW FILE NAME 
SUBFILENAME CALCULATED AS 20200308-180842  
SC_FILENAME = "E:\.imgvisor\images\sc_20200308-180842_magick.jpg" 
------------------------- 
GETTING PREVIOUS FILE 
More Recent: "sc_20200308-180836_magick.jpg" 
----------------- 
TAKING SCREENSHOT 
------------------------- 
COMPARING PREVIOUS MINUTE 
""E:\.imgvisor\images\sc_20200308-180836_magick.jpg"" ""E:\.imgvisor\images\sc_20200308-180842_magick.jpg"" 
DIFFERENCE: 10892 vs 700 
FILE IS DIFFERENT ENOUGH TO KEEP 
- 
DELETING OLDER FILES AT COMPUTER SIDE... 
COMPLETE! 
. 
. 
. 
-------------------------------------------------------------------------------------  
MAGICK-CAPTURE.BAT  
CALCULATING NEW FILE NAME 
SUBFILENAME CALCULATED AS 20200308-180942  
SC_FILENAME = "E:\.imgvisor\images\sc_20200308-180942_magick.jpg" 
------------------------- 
GETTING PREVIOUS FILE 
More Recent: "sc_20200308-180842_magick.jpg" 
----------------- 
TAKING SCREENSHOT 
------------------------- 
COMPARING PREVIOUS MINUTE 
""E:\.imgvisor\images\sc_20200308-180842_magick.jpg"" ""E:\.imgvisor\images\sc_20200308-180942_magick.jpg"" 
DIFFERENCE: 16455 vs 700 
FILE IS DIFFERENT ENOUGH TO KEEP 
- 
DELETING OLDER FILES AT COMPUTER SIDE... 
COMPLETE! 
. 
. 
. 
-------------------------------------------------------------------------------------  
MAGICK-CAPTURE.BAT  
CALCULATING NEW FILE NAME 
SUBFILENAME CALCULATED AS 20200308-181042  
SC_FILENAME = "E:\.imgvisor\images\sc_20200308-181042_magick.jpg" 
------------------------- 
GETTING PREVIOUS FILE 
More Recent: "sc_20200308-180942_magick.jpg" 
----------------- 
TAKING SCREENSHOT 
------------------------- 
COMPARING PREVIOUS MINUTE 
""E:\.imgvisor\images\sc_20200308-180942_magick.jpg"" ""E:\.imgvisor\images\sc_20200308-181042_magick.jpg"" 
DIFFERENCE: 35900 vs 700 
FILE IS DIFFERENT ENOUGH TO KEEP 
- 
DELETING OLDER FILES AT COMPUTER SIDE... 
COMPLETE! 
. 
. 
. 
-------------------------------------------------------------------------------------  
MAGICK-CAPTURE.BAT  
CALCULATING NEW FILE NAME 
SUBFILENAME CALCULATED AS 20200308-181142  
SC_FILENAME = "E:\.imgvisor\images\sc_20200308-181142_magick.jpg" 
------------------------- 
GETTING PREVIOUS FILE 
More Recent: "sc_20200308-181042_magick.jpg" 
----------------- 
TAKING SCREENSHOT 
------------------------- 
COMPARING PREVIOUS MINUTE 
""E:\.imgvisor\images\sc_20200308-181042_magick.jpg"" ""E:\.imgvisor\images\sc_20200308-181142_magick.jpg"" 
DIFFERENCE: 38043 vs 700 
FILE IS DIFFERENT ENOUGH TO KEEP 
- 
DELETING OLDER FILES AT COMPUTER SIDE... 
COMPLETE! 
. 
. 
. 
-------------------------------------------------------------------------------------  
MAGICK-CAPTURE.BAT  
CALCULATING NEW FILE NAME 
SUBFILENAME CALCULATED AS 20200308-181242  
SC_FILENAME = "E:\.imgvisor\images\sc_20200308-181242_magick.jpg" 
------------------------- 
GETTING PREVIOUS FILE 
More Recent: "sc_20200308-181142_magick.jpg" 
----------------- 
TAKING SCREENSHOT 
------------------------- 
COMPARING PREVIOUS MINUTE 
""E:\.imgvisor\images\sc_20200308-181142_magick.jpg"" ""E:\.imgvisor\images\sc_20200308-181242_magick.jpg"" 
DIFFERENCE: 16725 vs 700 
FILE IS DIFFERENT ENOUGH TO KEEP 
- 
DELETING OLDER FILES AT COMPUTER SIDE... 
COMPLETE! 
. 
. 
. 
-------------------------------------------------------------------------------------  
MAGICK-CAPTURE.BAT  
CALCULATING NEW FILE NAME 
SUBFILENAME CALCULATED AS 20200308-181343  
SC_FILENAME = "E:\.imgvisor\images\sc_20200308-181343_magick.jpg" 
------------------------- 
GETTING PREVIOUS FILE 
More Recent: "sc_20200308-181242_magick.jpg" 
----------------- 
TAKING SCREENSHOT 
------------------------- 
COMPARING PREVIOUS MINUTE 
""E:\.imgvisor\images\sc_20200308-181242_magick.jpg"" ""E:\.imgvisor\images\sc_20200308-181343_magick.jpg"" 
DIFFERENCE: 10619 vs 700 
FILE IS DIFFERENT ENOUGH TO KEEP 
- 
DELETING OLDER FILES AT COMPUTER SIDE... 
COMPLETE! 
. 
. 
. 
-------------------------------------------------------------------------------------  
MAGICK-CAPTURE.BAT  
CALCULATING NEW FILE NAME 
SUBFILENAME CALCULATED AS 20200308-181442  
SC_FILENAME = "E:\.imgvisor\images\sc_20200308-181442_magick.jpg" 
------------------------- 
GETTING PREVIOUS FILE 
More Recent: "sc_20200308-181343_magick.jpg" 
----------------- 
TAKING SCREENSHOT 
------------------------- 
COMPARING PREVIOUS MINUTE 
""E:\.imgvisor\images\sc_20200308-181343_magick.jpg"" ""E:\.imgvisor\images\sc_20200308-181442_magick.jpg"" 
DIFFERENCE: 12766 vs 700 
FILE IS DIFFERENT ENOUGH TO KEEP 
- 
DELETING OLDER FILES AT COMPUTER SIDE... 
COMPLETE! 
. 
. 
. 
-------------------------------------------------------------------------------------  
MAGICK-CAPTURE.BAT  
CALCULATING NEW FILE NAME 
SUBFILENAME CALCULATED AS 20200308-181543  
SC_FILENAME = "E:\.imgvisor\images\sc_20200308-181543_magick.jpg" 
------------------------- 
GETTING PREVIOUS FILE 
More Recent: "sc_20200308-181442_magick.jpg" 
----------------- 
TAKING SCREENSHOT 
------------------------- 
COMPARING PREVIOUS MINUTE 
""E:\.imgvisor\images\sc_20200308-181442_magick.jpg"" ""E:\.imgvisor\images\sc_20200308-181543_magick.jpg"" 
DIFFERENCE: 12541 vs 700 
FILE IS DIFFERENT ENOUGH TO KEEP 
- 
DELETING OLDER FILES AT COMPUTER SIDE... 
COMPLETE! 
. 
. 
. 
-------------------------------------------------------------------------------------  
MAGICK-CAPTURE.BAT  
CALCULATING NEW FILE NAME 
SUBFILENAME CALCULATED AS 20200308-181643  
SC_FILENAME = "E:\.imgvisor\images\sc_20200308-181643_magick.jpg" 
------------------------- 
GETTING PREVIOUS FILE 
More Recent: "sc_20200308-181543_magick.jpg" 
----------------- 
TAKING SCREENSHOT 
------------------------- 
COMPARING PREVIOUS MINUTE 
""E:\.imgvisor\images\sc_20200308-181543_magick.jpg"" ""E:\.imgvisor\images\sc_20200308-181643_magick.jpg"" 
DIFFERENCE: 11215 vs 700 
FILE IS DIFFERENT ENOUGH TO KEEP 
- 
DELETING OLDER FILES AT COMPUTER SIDE... 
COMPLETE! 
. 
. 
. 
-------------------------------------------------------------------------------------  
MAGICK-CAPTURE.BAT  
CALCULATING NEW FILE NAME 
SUBFILENAME CALCULATED AS 20200308-181743  
SC_FILENAME = "E:\.imgvisor\images\sc_20200308-181743_magick.jpg" 
------------------------- 
GETTING PREVIOUS FILE 
More Recent: "sc_20200308-181643_magick.jpg" 
----------------- 
TAKING SCREENSHOT 
------------------------- 
COMPARING PREVIOUS MINUTE 
""E:\.imgvisor\images\sc_20200308-181643_magick.jpg"" ""E:\.imgvisor\images\sc_20200308-181743_magick.jpg"" 
DIFFERENCE: 6564 vs 700 
FILE IS DIFFERENT ENOUGH TO KEEP 
- 
DELETING OLDER FILES AT COMPUTER SIDE... 
COMPLETE! 
. 
. 
. 
-------------------------------------------------------------------------------------  
MAGICK-CAPTURE.BAT  
CALCULATING NEW FILE NAME 
SUBFILENAME CALCULATED AS 20200308-181842  
SC_FILENAME = "E:\.imgvisor\images\sc_20200308-181842_magick.jpg" 
------------------------- 
GETTING PREVIOUS FILE 
More Recent: "sc_20200308-181743_magick.jpg" 
----------------- 
TAKING SCREENSHOT 
------------------------- 
COMPARING PREVIOUS MINUTE 
""E:\.imgvisor\images\sc_20200308-181743_magick.jpg"" ""E:\.imgvisor\images\sc_20200308-181842_magick.jpg"" 
DIFFERENCE: 13534 vs 700 
FILE IS DIFFERENT ENOUGH TO KEEP 
- 
DELETING OLDER FILES AT COMPUTER SIDE... 
COMPLETE! 
. 
. 
. 
-------------------------------------------------------------------------------------  
MAGICK-CAPTURE.BAT  
CALCULATING NEW FILE NAME 
SUBFILENAME CALCULATED AS 20200308-181943  
SC_FILENAME = "E:\.imgvisor\images\sc_20200308-181943_magick.jpg" 
------------------------- 
GETTING PREVIOUS FILE 
More Recent: "sc_20200308-181842_magick.jpg" 
----------------- 
TAKING SCREENSHOT 
------------------------- 
COMPARING PREVIOUS MINUTE 
""E:\.imgvisor\images\sc_20200308-181842_magick.jpg"" ""E:\.imgvisor\images\sc_20200308-181943_magick.jpg"" 
DIFFERENCE: 13593 vs 700 
FILE IS DIFFERENT ENOUGH TO KEEP 
- 
DELETING OLDER FILES AT COMPUTER SIDE... 
COMPLETE! 
. 
. 
. 
-------------------------------------------------------------------------------------  
MAGICK-CAPTURE.BAT  
CALCULATING NEW FILE NAME 
SUBFILENAME CALCULATED AS 20200308-182042  
SC_FILENAME = "E:\.imgvisor\images\sc_20200308-182042_magick.jpg" 
------------------------- 
GETTING PREVIOUS FILE 
More Recent: "sc_20200308-181943_magick.jpg" 
----------------- 
TAKING SCREENSHOT 
------------------------- 
COMPARING PREVIOUS MINUTE 
""E:\.imgvisor\images\sc_20200308-181943_magick.jpg"" ""E:\.imgvisor\images\sc_20200308-182042_magick.jpg"" 
DIFFERENCE: 3698 vs 700 
FILE IS DIFFERENT ENOUGH TO KEEP 
- 
DELETING OLDER FILES AT COMPUTER SIDE... 
COMPLETE! 
. 
. 
. 
-------------------------------------------------------------------------------------  
MAGICK-CAPTURE.BAT  
CALCULATING NEW FILE NAME 
SUBFILENAME CALCULATED AS 20200308-182143  
SC_FILENAME = "E:\.imgvisor\images\sc_20200308-182143_magick.jpg" 
------------------------- 
GETTING PREVIOUS FILE 
More Recent: "sc_20200308-182042_magick.jpg" 
----------------- 
TAKING SCREENSHOT 
------------------------- 
COMPARING PREVIOUS MINUTE 
""E:\.imgvisor\images\sc_20200308-182042_magick.jpg"" ""E:\.imgvisor\images\sc_20200308-182143_magick.jpg"" 
DIFFERENCE: 10689 vs 700 
FILE IS DIFFERENT ENOUGH TO KEEP 
- 
DELETING OLDER FILES AT COMPUTER SIDE... 
COMPLETE! 
. 
. 
. 
-------------------------------------------------------------------------------------  
MAGICK-CAPTURE.BAT  
CALCULATING NEW FILE NAME 
SUBFILENAME CALCULATED AS 20200308-182243  
SC_FILENAME = "E:\.imgvisor\images\sc_20200308-182243_magick.jpg" 
------------------------- 
GETTING PREVIOUS FILE 
More Recent: "sc_20200308-182143_magick.jpg" 
----------------- 
TAKING SCREENSHOT 
------------------------- 
COMPARING PREVIOUS MINUTE 
""E:\.imgvisor\images\sc_20200308-182143_magick.jpg"" ""E:\.imgvisor\images\sc_20200308-182243_magick.jpg"" 
DIFFERENCE: 41147 vs 700 
FILE IS DIFFERENT ENOUGH TO KEEP 
- 
DELETING OLDER FILES AT COMPUTER SIDE... 
COMPLETE! 
. 
. 
. 
-------------------------------------------------------------------------------------  
MAGICK-CAPTURE.BAT  
CALCULATING NEW FILE NAME 
SUBFILENAME CALCULATED AS 20200308-182343  
SC_FILENAME = "E:\.imgvisor\images\sc_20200308-182343_magick.jpg" 
------------------------- 
GETTING PREVIOUS FILE 
More Recent: "sc_20200308-182243_magick.jpg" 
----------------- 
TAKING SCREENSHOT 
------------------------- 
COMPARING PREVIOUS MINUTE 
""E:\.imgvisor\images\sc_20200308-182243_magick.jpg"" ""E:\.imgvisor\images\sc_20200308-182343_magick.jpg"" 
DIFFERENCE: 1005 vs 700 
FILE IS DIFFERENT ENOUGH TO KEEP 
- 
DELETING OLDER FILES AT COMPUTER SIDE... 
COMPLETE! 
. 
. 
. 
-------------------------------------------------------------------------------------  
MAGICK-CAPTURE.BAT  
CALCULATING NEW FILE NAME 
SUBFILENAME CALCULATED AS 20200308-182443  
SC_FILENAME = "E:\.imgvisor\images\sc_20200308-182443_magick.jpg" 
------------------------- 
GETTING PREVIOUS FILE 
More Recent: "sc_20200308-182343_magick.jpg" 
----------------- 
TAKING SCREENSHOT 
------------------------- 
COMPARING PREVIOUS MINUTE 
""E:\.imgvisor\images\sc_20200308-182343_magick.jpg"" ""E:\.imgvisor\images\sc_20200308-182443_magick.jpg"" 
DIFFERENCE: 1139 vs 700 
FILE IS DIFFERENT ENOUGH TO KEEP 
- 
DELETING OLDER FILES AT COMPUTER SIDE... 
COMPLETE! 
. 
. 
. 
-------------------------------------------------------------------------------------  
MAGICK-CAPTURE.BAT  
CALCULATING NEW FILE NAME 
SUBFILENAME CALCULATED AS 20200308-182543  
SC_FILENAME = "E:\.imgvisor\images\sc_20200308-182543_magick.jpg" 
------------------------- 
GETTING PREVIOUS FILE 
More Recent: "sc_20200308-182443_magick.jpg" 
----------------- 
TAKING SCREENSHOT 
------------------------- 
COMPARING PREVIOUS MINUTE 
""E:\.imgvisor\images\sc_20200308-182443_magick.jpg"" ""E:\.imgvisor\images\sc_20200308-182543_magick.jpg"" 
DIFFERENCE: 1307 vs 700 
FILE IS DIFFERENT ENOUGH TO KEEP 
- 
DELETING OLDER FILES AT COMPUTER SIDE... 
COMPLETE! 
. 
. 
. 
-------------------------------------------------------------------------------------  
MAGICK-CAPTURE.BAT  
CALCULATING NEW FILE NAME 
SUBFILENAME CALCULATED AS 20200308-182643  
SC_FILENAME = "E:\.imgvisor\images\sc_20200308-182643_magick.jpg" 
------------------------- 
GETTING PREVIOUS FILE 
More Recent: "sc_20200308-182543_magick.jpg" 
----------------- 
TAKING SCREENSHOT 
------------------------- 
COMPARING PREVIOUS MINUTE 
""E:\.imgvisor\images\sc_20200308-182543_magick.jpg"" ""E:\.imgvisor\images\sc_20200308-182643_magick.jpg"" 
DIFFERENCE: 1091 vs 700 
FILE IS DIFFERENT ENOUGH TO KEEP 
- 
DELETING OLDER FILES AT COMPUTER SIDE... 
COMPLETE! 
. 
. 
. 
-------------------------------------------------------------------------------------  
MAGICK-CAPTURE.BAT  
CALCULATING NEW FILE NAME 
SUBFILENAME CALCULATED AS 20200308-182743  
SC_FILENAME = "E:\.imgvisor\images\sc_20200308-182743_magick.jpg" 
------------------------- 
GETTING PREVIOUS FILE 
More Recent: "sc_20200308-182643_magick.jpg" 
----------------- 
TAKING SCREENSHOT 
------------------------- 
COMPARING PREVIOUS MINUTE 
""E:\.imgvisor\images\sc_20200308-182643_magick.jpg"" ""E:\.imgvisor\images\sc_20200308-182743_magick.jpg"" 
DIFFERENCE: 1299 vs 700 
FILE IS DIFFERENT ENOUGH TO KEEP 
- 
DELETING OLDER FILES AT COMPUTER SIDE... 
COMPLETE! 
. 
. 
. 
-------------------------------------------------------------------------------------  
MAGICK-CAPTURE.BAT  
CALCULATING NEW FILE NAME 
SUBFILENAME CALCULATED AS 20200308-182843  
SC_FILENAME = "E:\.imgvisor\images\sc_20200308-182843_magick.jpg" 
------------------------- 
GETTING PREVIOUS FILE 
More Recent: "sc_20200308-182743_magick.jpg" 
----------------- 
TAKING SCREENSHOT 
------------------------- 
COMPARING PREVIOUS MINUTE 
""E:\.imgvisor\images\sc_20200308-182743_magick.jpg"" ""E:\.imgvisor\images\sc_20200308-182843_magick.jpg"" 
DIFFERENCE: 1304 vs 700 
FILE IS DIFFERENT ENOUGH TO KEEP 
- 
DELETING OLDER FILES AT COMPUTER SIDE... 
COMPLETE! 
. 
. 
. 
-------------------------------------------------------------------------------------  
MAGICK-CAPTURE.BAT  
CALCULATING NEW FILE NAME 
SUBFILENAME CALCULATED AS 20200308-182943  
SC_FILENAME = "E:\.imgvisor\images\sc_20200308-182943_magick.jpg" 
------------------------- 
GETTING PREVIOUS FILE 
More Recent: "sc_20200308-182843_magick.jpg" 
----------------- 
TAKING SCREENSHOT 
------------------------- 
COMPARING PREVIOUS MINUTE 
""E:\.imgvisor\images\sc_20200308-182843_magick.jpg"" ""E:\.imgvisor\images\sc_20200308-182943_magick.jpg"" 
DIFFERENCE: 1111 vs 700 
FILE IS DIFFERENT ENOUGH TO KEEP 
- 
DELETING OLDER FILES AT COMPUTER SIDE... 
COMPLETE! 
. 
. 
. 
-------------------------------------------------------------------------------------  
MAGICK-CAPTURE.BAT  
CALCULATING NEW FILE NAME 
SUBFILENAME CALCULATED AS 20200308-183043  
SC_FILENAME = "E:\.imgvisor\images\sc_20200308-183043_magick.jpg" 
------------------------- 
GETTING PREVIOUS FILE 
More Recent: "sc_20200308-182943_magick.jpg" 
----------------- 
TAKING SCREENSHOT 
------------------------- 
COMPARING PREVIOUS MINUTE 
""E:\.imgvisor\images\sc_20200308-182943_magick.jpg"" ""E:\.imgvisor\images\sc_20200308-183043_magick.jpg"" 
DIFFERENCE: 1319 vs 700 
FILE IS DIFFERENT ENOUGH TO KEEP 
- 
DELETING OLDER FILES AT COMPUTER SIDE... 
COMPLETE! 
. 
. 
. 
-------------------------------------------------------------------------------------  
MAGICK-CAPTURE.BAT  
CALCULATING NEW FILE NAME 
SUBFILENAME CALCULATED AS 20200308-183143  
SC_FILENAME = "E:\.imgvisor\images\sc_20200308-183143_magick.jpg" 
------------------------- 
GETTING PREVIOUS FILE 
More Recent: "sc_20200308-183043_magick.jpg" 
----------------- 
TAKING SCREENSHOT 
------------------------- 
COMPARING PREVIOUS MINUTE 
""E:\.imgvisor\images\sc_20200308-183043_magick.jpg"" ""E:\.imgvisor\images\sc_20200308-183143_magick.jpg"" 
DIFFERENCE: 1313 vs 700 
FILE IS DIFFERENT ENOUGH TO KEEP 
- 
DELETING OLDER FILES AT COMPUTER SIDE... 
COMPLETE! 
. 
. 
. 
-------------------------------------------------------------------------------------  
MAGICK-CAPTURE.BAT  
CALCULATING NEW FILE NAME 
SUBFILENAME CALCULATED AS 20200308-183243  
SC_FILENAME = "E:\.imgvisor\images\sc_20200308-183243_magick.jpg" 
------------------------- 
GETTING PREVIOUS FILE 
More Recent: "sc_20200308-183143_magick.jpg" 
----------------- 
TAKING SCREENSHOT 
------------------------- 
COMPARING PREVIOUS MINUTE 
""E:\.imgvisor\images\sc_20200308-183143_magick.jpg"" ""E:\.imgvisor\images\sc_20200308-183243_magick.jpg"" 
DIFFERENCE: 1237 vs 700 
FILE IS DIFFERENT ENOUGH TO KEEP 
- 
DELETING OLDER FILES AT COMPUTER SIDE... 
COMPLETE! 
. 
. 
. 
-------------------------------------------------------------------------------------  
MAGICK-CAPTURE.BAT  
CALCULATING NEW FILE NAME 
SUBFILENAME CALCULATED AS 20200308-183343  
SC_FILENAME = "E:\.imgvisor\images\sc_20200308-183343_magick.jpg" 
------------------------- 
GETTING PREVIOUS FILE 
More Recent: "sc_20200308-183243_magick.jpg" 
----------------- 
TAKING SCREENSHOT 
------------------------- 
COMPARING PREVIOUS MINUTE 
""E:\.imgvisor\images\sc_20200308-183243_magick.jpg"" ""E:\.imgvisor\images\sc_20200308-183343_magick.jpg"" 
DIFFERENCE: 1005 vs 700 
FILE IS DIFFERENT ENOUGH TO KEEP 
- 
DELETING OLDER FILES AT COMPUTER SIDE... 
COMPLETE! 
. 
. 
. 
-------------------------------------------------------------------------------------  
MAGICK-CAPTURE.BAT  
CALCULATING NEW FILE NAME 
SUBFILENAME CALCULATED AS 20200308-183443  
SC_FILENAME = "E:\.imgvisor\images\sc_20200308-183443_magick.jpg" 
------------------------- 
GETTING PREVIOUS FILE 
More Recent: "sc_20200308-183343_magick.jpg" 
----------------- 
TAKING SCREENSHOT 
------------------------- 
COMPARING PREVIOUS MINUTE 
""E:\.imgvisor\images\sc_20200308-183343_magick.jpg"" ""E:\.imgvisor\images\sc_20200308-183443_magick.jpg"" 
DIFFERENCE: 1139 vs 700 
FILE IS DIFFERENT ENOUGH TO KEEP 
- 
DELETING OLDER FILES AT COMPUTER SIDE... 
COMPLETE! 
. 
. 
. 
-------------------------------------------------------------------------------------  
MAGICK-CAPTURE.BAT  
CALCULATING NEW FILE NAME 
SUBFILENAME CALCULATED AS 20200308-183543  
SC_FILENAME = "E:\.imgvisor\images\sc_20200308-183543_magick.jpg" 
------------------------- 
GETTING PREVIOUS FILE 
More Recent: "sc_20200308-183443_magick.jpg" 
----------------- 
TAKING SCREENSHOT 
------------------------- 
COMPARING PREVIOUS MINUTE 
""E:\.imgvisor\images\sc_20200308-183443_magick.jpg"" ""E:\.imgvisor\images\sc_20200308-183543_magick.jpg"" 
DIFFERENCE: 1307 vs 700 
FILE IS DIFFERENT ENOUGH TO KEEP 
- 
DELETING OLDER FILES AT COMPUTER SIDE... 
COMPLETE! 
. 
. 
. 
-------------------------------------------------------------------------------------  
MAGICK-CAPTURE.BAT  
CALCULATING NEW FILE NAME 
SUBFILENAME CALCULATED AS 20200308-183643  
SC_FILENAME = "E:\.imgvisor\images\sc_20200308-183643_magick.jpg" 
------------------------- 
GETTING PREVIOUS FILE 
More Recent: "sc_20200308-183543_magick.jpg" 
----------------- 
TAKING SCREENSHOT 
------------------------- 
COMPARING PREVIOUS MINUTE 
""E:\.imgvisor\images\sc_20200308-183543_magick.jpg"" ""E:\.imgvisor\images\sc_20200308-183643_magick.jpg"" 
DIFFERENCE: 1091 vs 700 
FILE IS DIFFERENT ENOUGH TO KEEP 
- 
DELETING OLDER FILES AT COMPUTER SIDE... 
COMPLETE! 
. 
. 
. 
-------------------------------------------------------------------------------------  
MAGICK-CAPTURE.BAT  
CALCULATING NEW FILE NAME 
SUBFILENAME CALCULATED AS 20200308-183743  
SC_FILENAME = "E:\.imgvisor\images\sc_20200308-183743_magick.jpg" 
------------------------- 
GETTING PREVIOUS FILE 
More Recent: "sc_20200308-183643_magick.jpg" 
----------------- 
TAKING SCREENSHOT 
------------------------- 
COMPARING PREVIOUS MINUTE 
""E:\.imgvisor\images\sc_20200308-183643_magick.jpg"" ""E:\.imgvisor\images\sc_20200308-183743_magick.jpg"" 
DIFFERENCE: 1299 vs 700 
FILE IS DIFFERENT ENOUGH TO KEEP 
- 
DELETING OLDER FILES AT COMPUTER SIDE... 
COMPLETE! 
. 
. 
. 
-------------------------------------------------------------------------------------  
MAGICK-CAPTURE.BAT  
CALCULATING NEW FILE NAME 
SUBFILENAME CALCULATED AS 20200308-183843  
SC_FILENAME = "E:\.imgvisor\images\sc_20200308-183843_magick.jpg" 
------------------------- 
GETTING PREVIOUS FILE 
More Recent: "sc_20200308-183743_magick.jpg" 
----------------- 
TAKING SCREENSHOT 
------------------------- 
COMPARING PREVIOUS MINUTE 
""E:\.imgvisor\images\sc_20200308-183743_magick.jpg"" ""E:\.imgvisor\images\sc_20200308-183843_magick.jpg"" 
DIFFERENCE: 1304 vs 700 
FILE IS DIFFERENT ENOUGH TO KEEP 
- 
DELETING OLDER FILES AT COMPUTER SIDE... 
COMPLETE! 
. 
. 
. 
-------------------------------------------------------------------------------------  
MAGICK-CAPTURE.BAT  
CALCULATING NEW FILE NAME 
SUBFILENAME CALCULATED AS 20200308-183943  
SC_FILENAME = "E:\.imgvisor\images\sc_20200308-183943_magick.jpg" 
------------------------- 
GETTING PREVIOUS FILE 
More Recent: "sc_20200308-183843_magick.jpg" 
----------------- 
TAKING SCREENSHOT 
------------------------- 
COMPARING PREVIOUS MINUTE 
""E:\.imgvisor\images\sc_20200308-183843_magick.jpg"" ""E:\.imgvisor\images\sc_20200308-183943_magick.jpg"" 
DIFFERENCE: 1111 vs 700 
FILE IS DIFFERENT ENOUGH TO KEEP 
- 
DELETING OLDER FILES AT COMPUTER SIDE... 
COMPLETE! 
. 
. 
. 
-------------------------------------------------------------------------------------  
MAGICK-CAPTURE.BAT  
CALCULATING NEW FILE NAME 
SUBFILENAME CALCULATED AS 20200308-184043  
SC_FILENAME = "E:\.imgvisor\images\sc_20200308-184043_magick.jpg" 
------------------------- 
GETTING PREVIOUS FILE 
More Recent: "sc_20200308-183943_magick.jpg" 
----------------- 
TAKING SCREENSHOT 
------------------------- 
COMPARING PREVIOUS MINUTE 
""E:\.imgvisor\images\sc_20200308-183943_magick.jpg"" ""E:\.imgvisor\images\sc_20200308-184043_magick.jpg"" 
DIFFERENCE: 1619 vs 700 
FILE IS DIFFERENT ENOUGH TO KEEP 
- 
DELETING OLDER FILES AT COMPUTER SIDE... 
COMPLETE! 
. 
. 
. 
-------------------------------------------------------------------------------------  
MAGICK-CAPTURE.BAT  
CALCULATING NEW FILE NAME 
SUBFILENAME CALCULATED AS 20200308-184143  
SC_FILENAME = "E:\.imgvisor\images\sc_20200308-184143_magick.jpg" 
------------------------- 
GETTING PREVIOUS FILE 
More Recent: "sc_20200308-184043_magick.jpg" 
----------------- 
TAKING SCREENSHOT 
------------------------- 
COMPARING PREVIOUS MINUTE 
""E:\.imgvisor\images\sc_20200308-184043_magick.jpg"" ""E:\.imgvisor\images\sc_20200308-184143_magick.jpg"" 
DIFFERENCE: 1328 vs 700 
FILE IS DIFFERENT ENOUGH TO KEEP 
- 
DELETING OLDER FILES AT COMPUTER SIDE... 
COMPLETE! 
. 
. 
. 
-------------------------------------------------------------------------------------  
MAGICK-CAPTURE.BAT  
CALCULATING NEW FILE NAME 
SUBFILENAME CALCULATED AS 20200308-184243  
SC_FILENAME = "E:\.imgvisor\images\sc_20200308-184243_magick.jpg" 
------------------------- 
GETTING PREVIOUS FILE 
More Recent: "sc_20200308-184143_magick.jpg" 
----------------- 
TAKING SCREENSHOT 
------------------------- 
COMPARING PREVIOUS MINUTE 
""E:\.imgvisor\images\sc_20200308-184143_magick.jpg"" ""E:\.imgvisor\images\sc_20200308-184243_magick.jpg"" 
DIFFERENCE: 1236 vs 700 
FILE IS DIFFERENT ENOUGH TO KEEP 
- 
DELETING OLDER FILES AT COMPUTER SIDE... 
COMPLETE! 
. 
. 
. 
-------------------------------------------------------------------------------------  
MAGICK-CAPTURE.BAT  
CALCULATING NEW FILE NAME 
SUBFILENAME CALCULATED AS 20200308-184343  
SC_FILENAME = "E:\.imgvisor\images\sc_20200308-184343_magick.jpg" 
------------------------- 
GETTING PREVIOUS FILE 
More Recent: "sc_20200308-184243_magick.jpg" 
----------------- 
TAKING SCREENSHOT 
------------------------- 
COMPARING PREVIOUS MINUTE 
""E:\.imgvisor\images\sc_20200308-184243_magick.jpg"" ""E:\.imgvisor\images\sc_20200308-184343_magick.jpg"" 
DIFFERENCE: 994 vs 700 
FILE IS DIFFERENT ENOUGH TO KEEP 
- 
DELETING OLDER FILES AT COMPUTER SIDE... 
COMPLETE! 
. 
. 
. 
-------------------------------------------------------------------------------------  
MAGICK-CAPTURE.BAT  
CALCULATING NEW FILE NAME 
SUBFILENAME CALCULATED AS 20200308-184443  
SC_FILENAME = "E:\.imgvisor\images\sc_20200308-184443_magick.jpg" 
------------------------- 
GETTING PREVIOUS FILE 
More Recent: "sc_20200308-184343_magick.jpg" 
----------------- 
TAKING SCREENSHOT 
------------------------- 
COMPARING PREVIOUS MINUTE 
""E:\.imgvisor\images\sc_20200308-184343_magick.jpg"" ""E:\.imgvisor\images\sc_20200308-184443_magick.jpg"" 
DIFFERENCE: 1124 vs 700 
FILE IS DIFFERENT ENOUGH TO KEEP 
- 
DELETING OLDER FILES AT COMPUTER SIDE... 
COMPLETE! 
. 
. 
. 
-------------------------------------------------------------------------------------  
MAGICK-CAPTURE.BAT  
CALCULATING NEW FILE NAME 
SUBFILENAME CALCULATED AS 20200308-184543  
SC_FILENAME = "E:\.imgvisor\images\sc_20200308-184543_magick.jpg" 
------------------------- 
GETTING PREVIOUS FILE 
More Recent: "sc_20200308-184443_magick.jpg" 
----------------- 
TAKING SCREENSHOT 
------------------------- 
COMPARING PREVIOUS MINUTE 
""E:\.imgvisor\images\sc_20200308-184443_magick.jpg"" ""E:\.imgvisor\images\sc_20200308-184543_magick.jpg"" 
DIFFERENCE: 1303 vs 700 
FILE IS DIFFERENT ENOUGH TO KEEP 
- 
DELETING OLDER FILES AT COMPUTER SIDE... 
COMPLETE! 
. 
. 
. 
-------------------------------------------------------------------------------------  
MAGICK-CAPTURE.BAT  
CALCULATING NEW FILE NAME 
SUBFILENAME CALCULATED AS 20200308-184643  
SC_FILENAME = "E:\.imgvisor\images\sc_20200308-184643_magick.jpg" 
------------------------- 
GETTING PREVIOUS FILE 
More Recent: "sc_20200308-184543_magick.jpg" 
----------------- 
TAKING SCREENSHOT 
------------------------- 
COMPARING PREVIOUS MINUTE 
""E:\.imgvisor\images\sc_20200308-184543_magick.jpg"" ""E:\.imgvisor\images\sc_20200308-184643_magick.jpg"" 
DIFFERENCE: 1083 vs 700 
FILE IS DIFFERENT ENOUGH TO KEEP 
- 
DELETING OLDER FILES AT COMPUTER SIDE... 
COMPLETE! 
. 
. 
. 
-------------------------------------------------------------------------------------  
MAGICK-CAPTURE.BAT  
CALCULATING NEW FILE NAME 
SUBFILENAME CALCULATED AS 20200308-184743  
SC_FILENAME = "E:\.imgvisor\images\sc_20200308-184743_magick.jpg" 
------------------------- 
GETTING PREVIOUS FILE 
More Recent: "sc_20200308-184643_magick.jpg" 
----------------- 
TAKING SCREENSHOT 
------------------------- 
COMPARING PREVIOUS MINUTE 
""E:\.imgvisor\images\sc_20200308-184643_magick.jpg"" ""E:\.imgvisor\images\sc_20200308-184743_magick.jpg"" 
DIFFERENCE: 1298 vs 700 
FILE IS DIFFERENT ENOUGH TO KEEP 
- 
DELETING OLDER FILES AT COMPUTER SIDE... 
COMPLETE! 
. 
. 
. 
-------------------------------------------------------------------------------------  
MAGICK-CAPTURE.BAT  
CALCULATING NEW FILE NAME 
SUBFILENAME CALCULATED AS 20200308-184843  
SC_FILENAME = "E:\.imgvisor\images\sc_20200308-184843_magick.jpg" 
------------------------- 
GETTING PREVIOUS FILE 
More Recent: "sc_20200308-184743_magick.jpg" 
----------------- 
TAKING SCREENSHOT 
------------------------- 
COMPARING PREVIOUS MINUTE 
""E:\.imgvisor\images\sc_20200308-184743_magick.jpg"" ""E:\.imgvisor\images\sc_20200308-184843_magick.jpg"" 
DIFFERENCE: 1296 vs 700 
FILE IS DIFFERENT ENOUGH TO KEEP 
- 
DELETING OLDER FILES AT COMPUTER SIDE... 
COMPLETE! 
. 
. 
. 
-------------------------------------------------------------------------------------  
MAGICK-CAPTURE.BAT  
CALCULATING NEW FILE NAME 
SUBFILENAME CALCULATED AS 20200308-184943  
SC_FILENAME = "E:\.imgvisor\images\sc_20200308-184943_magick.jpg" 
------------------------- 
GETTING PREVIOUS FILE 
More Recent: "sc_20200308-184843_magick.jpg" 
----------------- 
TAKING SCREENSHOT 
------------------------- 
COMPARING PREVIOUS MINUTE 
""E:\.imgvisor\images\sc_20200308-184843_magick.jpg"" ""E:\.imgvisor\images\sc_20200308-184943_magick.jpg"" 
DIFFERENCE: 1105 vs 700 
FILE IS DIFFERENT ENOUGH TO KEEP 
- 
DELETING OLDER FILES AT COMPUTER SIDE... 
COMPLETE! 
. 
. 
. 
-------------------------------------------------------------------------------------  
MAGICK-CAPTURE.BAT  
CALCULATING NEW FILE NAME 
SUBFILENAME CALCULATED AS 20200308-185043  
SC_FILENAME = "E:\.imgvisor\images\sc_20200308-185043_magick.jpg" 
------------------------- 
GETTING PREVIOUS FILE 
More Recent: "sc_20200308-184943_magick.jpg" 
----------------- 
TAKING SCREENSHOT 
------------------------- 
COMPARING PREVIOUS MINUTE 
""E:\.imgvisor\images\sc_20200308-184943_magick.jpg"" ""E:\.imgvisor\images\sc_20200308-185043_magick.jpg"" 
DIFFERENCE: 1556 vs 700 
FILE IS DIFFERENT ENOUGH TO KEEP 
- 
DELETING OLDER FILES AT COMPUTER SIDE... 
COMPLETE! 
. 
. 
. 
-------------------------------------------------------------------------------------  
MAGICK-CAPTURE.BAT  
CALCULATING NEW FILE NAME 
SUBFILENAME CALCULATED AS 20200308-185143  
SC_FILENAME = "E:\.imgvisor\images\sc_20200308-185143_magick.jpg" 
------------------------- 
GETTING PREVIOUS FILE 
More Recent: "sc_20200308-185043_magick.jpg" 
----------------- 
TAKING SCREENSHOT 
------------------------- 
COMPARING PREVIOUS MINUTE 
""E:\.imgvisor\images\sc_20200308-185043_magick.jpg"" ""E:\.imgvisor\images\sc_20200308-185143_magick.jpg"" 
DIFFERENCE: 1313 vs 700 
FILE IS DIFFERENT ENOUGH TO KEEP 
- 
DELETING OLDER FILES AT COMPUTER SIDE... 
COMPLETE! 
. 
. 
. 
-------------------------------------------------------------------------------------  
MAGICK-CAPTURE.BAT  
CALCULATING NEW FILE NAME 
SUBFILENAME CALCULATED AS 20200308-185243  
SC_FILENAME = "E:\.imgvisor\images\sc_20200308-185243_magick.jpg" 
------------------------- 
GETTING PREVIOUS FILE 
More Recent: "sc_20200308-185143_magick.jpg" 
----------------- 
TAKING SCREENSHOT 
------------------------- 
COMPARING PREVIOUS MINUTE 
""E:\.imgvisor\images\sc_20200308-185143_magick.jpg"" ""E:\.imgvisor\images\sc_20200308-185243_magick.jpg"" 
DIFFERENCE: 1236 vs 700 
FILE IS DIFFERENT ENOUGH TO KEEP 
- 
DELETING OLDER FILES AT COMPUTER SIDE... 
COMPLETE! 
. 
. 
. 
-------------------------------------------------------------------------------------  
MAGICK-CAPTURE.BAT  
CALCULATING NEW FILE NAME 
SUBFILENAME CALCULATED AS 20200308-185343  
SC_FILENAME = "E:\.imgvisor\images\sc_20200308-185343_magick.jpg" 
------------------------- 
GETTING PREVIOUS FILE 
More Recent: "sc_20200308-185243_magick.jpg" 
----------------- 
TAKING SCREENSHOT 
------------------------- 
COMPARING PREVIOUS MINUTE 
""E:\.imgvisor\images\sc_20200308-185243_magick.jpg"" ""E:\.imgvisor\images\sc_20200308-185343_magick.jpg"" 
DIFFERENCE: 1005 vs 700 
FILE IS DIFFERENT ENOUGH TO KEEP 
- 
DELETING OLDER FILES AT COMPUTER SIDE... 
COMPLETE! 
. 
. 
. 
-------------------------------------------------------------------------------------  
MAGICK-CAPTURE.BAT  
CALCULATING NEW FILE NAME 
SUBFILENAME CALCULATED AS 20200308-185443  
SC_FILENAME = "E:\.imgvisor\images\sc_20200308-185443_magick.jpg" 
------------------------- 
GETTING PREVIOUS FILE 
More Recent: "sc_20200308-185343_magick.jpg" 
----------------- 
TAKING SCREENSHOT 
------------------------- 
COMPARING PREVIOUS MINUTE 
""E:\.imgvisor\images\sc_20200308-185343_magick.jpg"" ""E:\.imgvisor\images\sc_20200308-185443_magick.jpg"" 
DIFFERENCE: 1139 vs 700 
FILE IS DIFFERENT ENOUGH TO KEEP 
- 
DELETING OLDER FILES AT COMPUTER SIDE... 
COMPLETE! 
. 
. 
. 
-------------------------------------------------------------------------------------  
MAGICK-CAPTURE.BAT  
CALCULATING NEW FILE NAME 
SUBFILENAME CALCULATED AS 20200308-185543  
SC_FILENAME = "E:\.imgvisor\images\sc_20200308-185543_magick.jpg" 
------------------------- 
GETTING PREVIOUS FILE 
More Recent: "sc_20200308-185443_magick.jpg" 
----------------- 
TAKING SCREENSHOT 
------------------------- 
COMPARING PREVIOUS MINUTE 
""E:\.imgvisor\images\sc_20200308-185443_magick.jpg"" ""E:\.imgvisor\images\sc_20200308-185543_magick.jpg"" 
DIFFERENCE: 1307 vs 700 
FILE IS DIFFERENT ENOUGH TO KEEP 
- 
DELETING OLDER FILES AT COMPUTER SIDE... 
COMPLETE! 
. 
. 
. 
-------------------------------------------------------------------------------------  
MAGICK-CAPTURE.BAT  
CALCULATING NEW FILE NAME 
SUBFILENAME CALCULATED AS 20200308-185643  
SC_FILENAME = "E:\.imgvisor\images\sc_20200308-185643_magick.jpg" 
------------------------- 
GETTING PREVIOUS FILE 
More Recent: "sc_20200308-185543_magick.jpg" 
----------------- 
TAKING SCREENSHOT 
------------------------- 
COMPARING PREVIOUS MINUTE 
""E:\.imgvisor\images\sc_20200308-185543_magick.jpg"" ""E:\.imgvisor\images\sc_20200308-185643_magick.jpg"" 
DIFFERENCE: 1091 vs 700 
FILE IS DIFFERENT ENOUGH TO KEEP 
- 
DELETING OLDER FILES AT COMPUTER SIDE... 
COMPLETE! 
. 
. 
. 
-------------------------------------------------------------------------------------  
MAGICK-CAPTURE.BAT  
CALCULATING NEW FILE NAME 
SUBFILENAME CALCULATED AS 20200308-185743  
SC_FILENAME = "E:\.imgvisor\images\sc_20200308-185743_magick.jpg" 
------------------------- 
GETTING PREVIOUS FILE 
More Recent: "sc_20200308-185643_magick.jpg" 
----------------- 
TAKING SCREENSHOT 
------------------------- 
COMPARING PREVIOUS MINUTE 
""E:\.imgvisor\images\sc_20200308-185643_magick.jpg"" ""E:\.imgvisor\images\sc_20200308-185743_magick.jpg"" 
DIFFERENCE: 1299 vs 700 
FILE IS DIFFERENT ENOUGH TO KEEP 
- 
DELETING OLDER FILES AT COMPUTER SIDE... 
COMPLETE! 
. 
. 
. 
-------------------------------------------------------------------------------------  
MAGICK-CAPTURE.BAT  
CALCULATING NEW FILE NAME 
SUBFILENAME CALCULATED AS 20200308-185843  
SC_FILENAME = "E:\.imgvisor\images\sc_20200308-185843_magick.jpg" 
------------------------- 
GETTING PREVIOUS FILE 
More Recent: "sc_20200308-185743_magick.jpg" 
----------------- 
TAKING SCREENSHOT 
------------------------- 
COMPARING PREVIOUS MINUTE 
""E:\.imgvisor\images\sc_20200308-185743_magick.jpg"" ""E:\.imgvisor\images\sc_20200308-185843_magick.jpg"" 
DIFFERENCE: 1304 vs 700 
FILE IS DIFFERENT ENOUGH TO KEEP 
- 
DELETING OLDER FILES AT COMPUTER SIDE... 
COMPLETE! 
. 
. 
. 
-------------------------------------------------------------------------------------  
MAGICK-CAPTURE.BAT  
CALCULATING NEW FILE NAME 
SUBFILENAME CALCULATED AS 20200308-185943  
SC_FILENAME = "E:\.imgvisor\images\sc_20200308-185943_magick.jpg" 
------------------------- 
GETTING PREVIOUS FILE 
More Recent: "sc_20200308-185843_magick.jpg" 
----------------- 
TAKING SCREENSHOT 
------------------------- 
COMPARING PREVIOUS MINUTE 
""E:\.imgvisor\images\sc_20200308-185843_magick.jpg"" ""E:\.imgvisor\images\sc_20200308-185943_magick.jpg"" 
DIFFERENCE: 1111 vs 700 
FILE IS DIFFERENT ENOUGH TO KEEP 
- 
DELETING OLDER FILES AT COMPUTER SIDE... 
COMPLETE! 
. 
. 
. 
-------------------------------------------------------------------------------------  
MAGICK-CAPTURE.BAT  
CALCULATING NEW FILE NAME 
SUBFILENAME CALCULATED AS 20200308-190043  
SC_FILENAME = "E:\.imgvisor\images\sc_20200308-190043_magick.jpg" 
------------------------- 
GETTING PREVIOUS FILE 
More Recent: "sc_20200308-185943_magick.jpg" 
----------------- 
TAKING SCREENSHOT 
------------------------- 
COMPARING PREVIOUS MINUTE 
""E:\.imgvisor\images\sc_20200308-185943_magick.jpg"" ""E:\.imgvisor\images\sc_20200308-190043_magick.jpg"" 
DIFFERENCE: 1934 vs 700 
FILE IS DIFFERENT ENOUGH TO KEEP 
- 
DELETING OLDER FILES AT COMPUTER SIDE... 
COMPLETE! 
. 
. 
. 
-------------------------------------------------------------------------------------  
MAGICK-CAPTURE.BAT  
CALCULATING NEW FILE NAME 
SUBFILENAME CALCULATED AS 20200308-190143  
SC_FILENAME = "E:\.imgvisor\images\sc_20200308-190143_magick.jpg" 
------------------------- 
GETTING PREVIOUS FILE 
More Recent: "sc_20200308-190043_magick.jpg" 
----------------- 
TAKING SCREENSHOT 
------------------------- 
COMPARING PREVIOUS MINUTE 
""E:\.imgvisor\images\sc_20200308-190043_magick.jpg"" ""E:\.imgvisor\images\sc_20200308-190143_magick.jpg"" 
DIFFERENCE: 1324 vs 700 
FILE IS DIFFERENT ENOUGH TO KEEP 
- 
DELETING OLDER FILES AT COMPUTER SIDE... 
COMPLETE! 
. 
. 
. 
-------------------------------------------------------------------------------------  
MAGICK-CAPTURE.BAT  
CALCULATING NEW FILE NAME 
SUBFILENAME CALCULATED AS 20200308-190243  
SC_FILENAME = "E:\.imgvisor\images\sc_20200308-190243_magick.jpg" 
------------------------- 
GETTING PREVIOUS FILE 
More Recent: "sc_20200308-190143_magick.jpg" 
----------------- 
TAKING SCREENSHOT 
------------------------- 
COMPARING PREVIOUS MINUTE 
""E:\.imgvisor\images\sc_20200308-190143_magick.jpg"" ""E:\.imgvisor\images\sc_20200308-190243_magick.jpg"" 
DIFFERENCE: 1238 vs 700 
FILE IS DIFFERENT ENOUGH TO KEEP 
- 
DELETING OLDER FILES AT COMPUTER SIDE... 
COMPLETE! 
. 
. 
. 
-------------------------------------------------------------------------------------  
MAGICK-CAPTURE.BAT  
CALCULATING NEW FILE NAME 
SUBFILENAME CALCULATED AS 20200308-190343  
SC_FILENAME = "E:\.imgvisor\images\sc_20200308-190343_magick.jpg" 
------------------------- 
GETTING PREVIOUS FILE 
More Recent: "sc_20200308-190243_magick.jpg" 
----------------- 
TAKING SCREENSHOT 
------------------------- 
COMPARING PREVIOUS MINUTE 
""E:\.imgvisor\images\sc_20200308-190243_magick.jpg"" ""E:\.imgvisor\images\sc_20200308-190343_magick.jpg"" 
DIFFERENCE: 997 vs 700 
FILE IS DIFFERENT ENOUGH TO KEEP 
- 
DELETING OLDER FILES AT COMPUTER SIDE... 
COMPLETE! 
. 
. 
. 
-------------------------------------------------------------------------------------  
MAGICK-CAPTURE.BAT  
CALCULATING NEW FILE NAME 
SUBFILENAME CALCULATED AS 20200308-190443  
SC_FILENAME = "E:\.imgvisor\images\sc_20200308-190443_magick.jpg" 
------------------------- 
GETTING PREVIOUS FILE 
More Recent: "sc_20200308-190343_magick.jpg" 
----------------- 
TAKING SCREENSHOT 
------------------------- 
COMPARING PREVIOUS MINUTE 
""E:\.imgvisor\images\sc_20200308-190343_magick.jpg"" ""E:\.imgvisor\images\sc_20200308-190443_magick.jpg"" 
DIFFERENCE: 1128 vs 700 
FILE IS DIFFERENT ENOUGH TO KEEP 
- 
DELETING OLDER FILES AT COMPUTER SIDE... 
COMPLETE! 
. 
. 
. 
-------------------------------------------------------------------------------------  
MAGICK-CAPTURE.BAT  
CALCULATING NEW FILE NAME 
SUBFILENAME CALCULATED AS 20200308-190543  
SC_FILENAME = "E:\.imgvisor\images\sc_20200308-190543_magick.jpg" 
------------------------- 
GETTING PREVIOUS FILE 
More Recent: "sc_20200308-190443_magick.jpg" 
----------------- 
TAKING SCREENSHOT 
------------------------- 
COMPARING PREVIOUS MINUTE 
""E:\.imgvisor\images\sc_20200308-190443_magick.jpg"" ""E:\.imgvisor\images\sc_20200308-190543_magick.jpg"" 
DIFFERENCE: 1301 vs 700 
FILE IS DIFFERENT ENOUGH TO KEEP 
- 
DELETING OLDER FILES AT COMPUTER SIDE... 
COMPLETE! 
. 
. 
. 
-------------------------------------------------------------------------------------  
MAGICK-CAPTURE.BAT  
CALCULATING NEW FILE NAME 
SUBFILENAME CALCULATED AS 20200308-190643  
SC_FILENAME = "E:\.imgvisor\images\sc_20200308-190643_magick.jpg" 
------------------------- 
GETTING PREVIOUS FILE 
More Recent: "sc_20200308-190543_magick.jpg" 
----------------- 
TAKING SCREENSHOT 
------------------------- 
COMPARING PREVIOUS MINUTE 
""E:\.imgvisor\images\sc_20200308-190543_magick.jpg"" ""E:\.imgvisor\images\sc_20200308-190643_magick.jpg"" 
DIFFERENCE: 1090 vs 700 
FILE IS DIFFERENT ENOUGH TO KEEP 
- 
DELETING OLDER FILES AT COMPUTER SIDE... 
COMPLETE! 
. 
. 
. 
-------------------------------------------------------------------------------------  
MAGICK-CAPTURE.BAT  
CALCULATING NEW FILE NAME 
SUBFILENAME CALCULATED AS 20200308-190743  
SC_FILENAME = "E:\.imgvisor\images\sc_20200308-190743_magick.jpg" 
------------------------- 
GETTING PREVIOUS FILE 
More Recent: "sc_20200308-190643_magick.jpg" 
----------------- 
TAKING SCREENSHOT 
------------------------- 
COMPARING PREVIOUS MINUTE 
""E:\.imgvisor\images\sc_20200308-190643_magick.jpg"" ""E:\.imgvisor\images\sc_20200308-190743_magick.jpg"" 
DIFFERENCE: 1302 vs 700 
FILE IS DIFFERENT ENOUGH TO KEEP 
- 
DELETING OLDER FILES AT COMPUTER SIDE... 
COMPLETE! 
. 
. 
. 
-------------------------------------------------------------------------------------  
MAGICK-CAPTURE.BAT  
CALCULATING NEW FILE NAME 
SUBFILENAME CALCULATED AS 20200308-190843  
SC_FILENAME = "E:\.imgvisor\images\sc_20200308-190843_magick.jpg" 
------------------------- 
GETTING PREVIOUS FILE 
More Recent: "sc_20200308-190743_magick.jpg" 
----------------- 
TAKING SCREENSHOT 
------------------------- 
COMPARING PREVIOUS MINUTE 
""E:\.imgvisor\images\sc_20200308-190743_magick.jpg"" ""E:\.imgvisor\images\sc_20200308-190843_magick.jpg"" 
DIFFERENCE: 2383 vs 700 
FILE IS DIFFERENT ENOUGH TO KEEP 
- 
DELETING OLDER FILES AT COMPUTER SIDE... 
COMPLETE! 
. 
. 
. 
-------------------------------------------------------------------------------------  
MAGICK-CAPTURE.BAT  
CALCULATING NEW FILE NAME 
SUBFILENAME CALCULATED AS 20200308-190943  
SC_FILENAME = "E:\.imgvisor\images\sc_20200308-190943_magick.jpg" 
------------------------- 
GETTING PREVIOUS FILE 
More Recent: "sc_20200308-190843_magick.jpg" 
----------------- 
TAKING SCREENSHOT 
------------------------- 
COMPARING PREVIOUS MINUTE 
""E:\.imgvisor\images\sc_20200308-190843_magick.jpg"" ""E:\.imgvisor\images\sc_20200308-190943_magick.jpg"" 
DIFFERENCE: 42294 vs 700 
FILE IS DIFFERENT ENOUGH TO KEEP 
- 
DELETING OLDER FILES AT COMPUTER SIDE... 
COMPLETE! 
. 
. 
. 
-------------------------------------------------------------------------------------  
MAGICK-CAPTURE.BAT  
CALCULATING NEW FILE NAME 
SUBFILENAME CALCULATED AS 20200308-191043  
SC_FILENAME = "E:\.imgvisor\images\sc_20200308-191043_magick.jpg" 
------------------------- 
GETTING PREVIOUS FILE 
More Recent: "sc_20200308-190943_magick.jpg" 
----------------- 
TAKING SCREENSHOT 
------------------------- 
COMPARING PREVIOUS MINUTE 
""E:\.imgvisor\images\sc_20200308-190943_magick.jpg"" ""E:\.imgvisor\images\sc_20200308-191043_magick.jpg"" 
DIFFERENCE: 1589 vs 700 
FILE IS DIFFERENT ENOUGH TO KEEP 
- 
DELETING OLDER FILES AT COMPUTER SIDE... 
COMPLETE! 
. 
. 
. 
-------------------------------------------------------------------------------------  
MAGICK-CAPTURE.BAT  
CALCULATING NEW FILE NAME 
SUBFILENAME CALCULATED AS 20200308-191143  
SC_FILENAME = "E:\.imgvisor\images\sc_20200308-191143_magick.jpg" 
------------------------- 
GETTING PREVIOUS FILE 
More Recent: "sc_20200308-191056_magick.jpg" 
----------------- 
TAKING SCREENSHOT 
------------------------- 
COMPARING PREVIOUS MINUTE 
""E:\.imgvisor\images\sc_20200308-191056_magick.jpg"" ""E:\.imgvisor\images\sc_20200308-191143_magick.jpg"" 
DIFFERENCE: 1965 vs 700 
FILE IS DIFFERENT ENOUGH TO KEEP 
- 
DELETING OLDER FILES AT COMPUTER SIDE... 
COMPLETE! 
. 
. 
. 
-------------------------------------------------------------------------------------  
MAGICK-CAPTURE.BAT  
CALCULATING NEW FILE NAME 
SUBFILENAME CALCULATED AS 20200308-191243  
SC_FILENAME = "E:\.imgvisor\images\sc_20200308-191243_magick.jpg" 
------------------------- 
GETTING PREVIOUS FILE 
More Recent: "sc_20200308-191143_magick.jpg" 
----------------- 
TAKING SCREENSHOT 
------------------------- 
COMPARING PREVIOUS MINUTE 
""E:\.imgvisor\images\sc_20200308-191143_magick.jpg"" ""E:\.imgvisor\images\sc_20200308-191243_magick.jpg"" 
DIFFERENCE: 42138 vs 700 
FILE IS DIFFERENT ENOUGH TO KEEP 
- 
DELETING OLDER FILES AT COMPUTER SIDE... 
COMPLETE! 
. 
. 
. 
-------------------------------------------------------------------------------------  
MAGICK-CAPTURE.BAT  
CALCULATING NEW FILE NAME 
SUBFILENAME CALCULATED AS 20200308-191343  
SC_FILENAME = "E:\.imgvisor\images\sc_20200308-191343_magick.jpg" 
------------------------- 
GETTING PREVIOUS FILE 
More Recent: "sc_20200308-191243_magick.jpg" 
----------------- 
TAKING SCREENSHOT 
------------------------- 
COMPARING PREVIOUS MINUTE 
""E:\.imgvisor\images\sc_20200308-191243_magick.jpg"" ""E:\.imgvisor\images\sc_20200308-191343_magick.jpg"" 
DIFFERENCE: 1071 vs 700 
FILE IS DIFFERENT ENOUGH TO KEEP 
- 
DELETING OLDER FILES AT COMPUTER SIDE... 
COMPLETE! 
. 
. 
. 
-------------------------------------------------------------------------------------  
MAGICK-CAPTURE.BAT  
CALCULATING NEW FILE NAME 
SUBFILENAME CALCULATED AS 20200308-191443  
SC_FILENAME = "E:\.imgvisor\images\sc_20200308-191443_magick.jpg" 
------------------------- 
GETTING PREVIOUS FILE 
More Recent: "sc_20200308-191343_magick.jpg" 
----------------- 
TAKING SCREENSHOT 
------------------------- 
COMPARING PREVIOUS MINUTE 
""E:\.imgvisor\images\sc_20200308-191343_magick.jpg"" ""E:\.imgvisor\images\sc_20200308-191443_magick.jpg"" 
DIFFERENCE: 1183 vs 700 
FILE IS DIFFERENT ENOUGH TO KEEP 
- 
DELETING OLDER FILES AT COMPUTER SIDE... 
COMPLETE! 
. 
. 
. 
-------------------------------------------------------------------------------------  
MAGICK-CAPTURE.BAT  
CALCULATING NEW FILE NAME 
SUBFILENAME CALCULATED AS 20200308-191543  
SC_FILENAME = "E:\.imgvisor\images\sc_20200308-191543_magick.jpg" 
------------------------- 
GETTING PREVIOUS FILE 
More Recent: "sc_20200308-191443_magick.jpg" 
----------------- 
TAKING SCREENSHOT 
------------------------- 
COMPARING PREVIOUS MINUTE 
""E:\.imgvisor\images\sc_20200308-191443_magick.jpg"" ""E:\.imgvisor\images\sc_20200308-191543_magick.jpg"" 
DIFFERENCE: 1289 vs 700 
FILE IS DIFFERENT ENOUGH TO KEEP 
- 
DELETING OLDER FILES AT COMPUTER SIDE... 
COMPLETE! 
. 
. 
. 
-------------------------------------------------------------------------------------  
MAGICK-CAPTURE.BAT  
CALCULATING NEW FILE NAME 
SUBFILENAME CALCULATED AS 20200308-191643  
SC_FILENAME = "E:\.imgvisor\images\sc_20200308-191643_magick.jpg" 
------------------------- 
GETTING PREVIOUS FILE 
More Recent: "sc_20200308-191543_magick.jpg" 
----------------- 
TAKING SCREENSHOT 
------------------------- 
COMPARING PREVIOUS MINUTE 
""E:\.imgvisor\images\sc_20200308-191543_magick.jpg"" ""E:\.imgvisor\images\sc_20200308-191643_magick.jpg"" 
DIFFERENCE: 1033 vs 700 
FILE IS DIFFERENT ENOUGH TO KEEP 
- 
DELETING OLDER FILES AT COMPUTER SIDE... 
COMPLETE! 
. 
. 
. 
-------------------------------------------------------------------------------------  
MAGICK-CAPTURE.BAT  
CALCULATING NEW FILE NAME 
SUBFILENAME CALCULATED AS 20200308-191743  
SC_FILENAME = "E:\.imgvisor\images\sc_20200308-191743_magick.jpg" 
------------------------- 
GETTING PREVIOUS FILE 
More Recent: "sc_20200308-191643_magick.jpg" 
----------------- 
TAKING SCREENSHOT 
------------------------- 
COMPARING PREVIOUS MINUTE 
""E:\.imgvisor\images\sc_20200308-191643_magick.jpg"" ""E:\.imgvisor\images\sc_20200308-191743_magick.jpg"" 
DIFFERENCE: 1226 vs 700 
FILE IS DIFFERENT ENOUGH TO KEEP 
- 
DELETING OLDER FILES AT COMPUTER SIDE... 
COMPLETE! 
. 
. 
. 
-------------------------------------------------------------------------------------  
MAGICK-CAPTURE.BAT  
CALCULATING NEW FILE NAME 
SUBFILENAME CALCULATED AS 20200308-191843  
SC_FILENAME = "E:\.imgvisor\images\sc_20200308-191843_magick.jpg" 
------------------------- 
GETTING PREVIOUS FILE 
More Recent: "sc_20200308-191743_magick.jpg" 
----------------- 
TAKING SCREENSHOT 
------------------------- 
COMPARING PREVIOUS MINUTE 
""E:\.imgvisor\images\sc_20200308-191743_magick.jpg"" ""E:\.imgvisor\images\sc_20200308-191843_magick.jpg"" 
DIFFERENCE: 1290 vs 700 
FILE IS DIFFERENT ENOUGH TO KEEP 
- 
DELETING OLDER FILES AT COMPUTER SIDE... 
COMPLETE! 
. 
. 
. 
-------------------------------------------------------------------------------------  
MAGICK-CAPTURE.BAT  
CALCULATING NEW FILE NAME 
SUBFILENAME CALCULATED AS 20200308-191943  
SC_FILENAME = "E:\.imgvisor\images\sc_20200308-191943_magick.jpg" 
------------------------- 
GETTING PREVIOUS FILE 
More Recent: "sc_20200308-191843_magick.jpg" 
----------------- 
TAKING SCREENSHOT 
------------------------- 
COMPARING PREVIOUS MINUTE 
""E:\.imgvisor\images\sc_20200308-191843_magick.jpg"" ""E:\.imgvisor\images\sc_20200308-191943_magick.jpg"" 
DIFFERENCE: 1094 vs 700 
FILE IS DIFFERENT ENOUGH TO KEEP 
- 
DELETING OLDER FILES AT COMPUTER SIDE... 
COMPLETE! 
. 
. 
. 
-------------------------------------------------------------------------------------  
MAGICK-CAPTURE.BAT  
CALCULATING NEW FILE NAME 
SUBFILENAME CALCULATED AS 20200308-192043  
SC_FILENAME = "E:\.imgvisor\images\sc_20200308-192043_magick.jpg" 
------------------------- 
GETTING PREVIOUS FILE 
More Recent: "sc_20200308-191943_magick.jpg" 
----------------- 
TAKING SCREENSHOT 
------------------------- 
COMPARING PREVIOUS MINUTE 
""E:\.imgvisor\images\sc_20200308-191943_magick.jpg"" ""E:\.imgvisor\images\sc_20200308-192043_magick.jpg"" 
DIFFERENCE: 1952 vs 700 
FILE IS DIFFERENT ENOUGH TO KEEP 
- 
DELETING OLDER FILES AT COMPUTER SIDE... 
COMPLETE! 
. 
. 
. 
-------------------------------------------------------------------------------------  
MAGICK-CAPTURE.BAT  
CALCULATING NEW FILE NAME 
SUBFILENAME CALCULATED AS 20200308-192143  
SC_FILENAME = "E:\.imgvisor\images\sc_20200308-192143_magick.jpg" 
------------------------- 
GETTING PREVIOUS FILE 
More Recent: "sc_20200308-192043_magick.jpg" 
----------------- 
TAKING SCREENSHOT 
------------------------- 
COMPARING PREVIOUS MINUTE 
""E:\.imgvisor\images\sc_20200308-192043_magick.jpg"" ""E:\.imgvisor\images\sc_20200308-192143_magick.jpg"" 
DIFFERENCE: 1324 vs 700 
FILE IS DIFFERENT ENOUGH TO KEEP 
- 
DELETING OLDER FILES AT COMPUTER SIDE... 
COMPLETE! 
. 
. 
. 
-------------------------------------------------------------------------------------  
MAGICK-CAPTURE.BAT  
CALCULATING NEW FILE NAME 
SUBFILENAME CALCULATED AS 20200308-192243  
SC_FILENAME = "E:\.imgvisor\images\sc_20200308-192243_magick.jpg" 
------------------------- 
GETTING PREVIOUS FILE 
More Recent: "sc_20200308-192143_magick.jpg" 
----------------- 
TAKING SCREENSHOT 
------------------------- 
COMPARING PREVIOUS MINUTE 
""E:\.imgvisor\images\sc_20200308-192143_magick.jpg"" ""E:\.imgvisor\images\sc_20200308-192243_magick.jpg"" 
DIFFERENCE: 1243 vs 700 
FILE IS DIFFERENT ENOUGH TO KEEP 
- 
DELETING OLDER FILES AT COMPUTER SIDE... 
COMPLETE! 
. 
. 
. 
-------------------------------------------------------------------------------------  
MAGICK-CAPTURE.BAT  
CALCULATING NEW FILE NAME 
SUBFILENAME CALCULATED AS 20200308-192343  
SC_FILENAME = "E:\.imgvisor\images\sc_20200308-192343_magick.jpg" 
------------------------- 
GETTING PREVIOUS FILE 
More Recent: "sc_20200308-192243_magick.jpg" 
----------------- 
TAKING SCREENSHOT 
------------------------- 
COMPARING PREVIOUS MINUTE 
""E:\.imgvisor\images\sc_20200308-192243_magick.jpg"" ""E:\.imgvisor\images\sc_20200308-192343_magick.jpg"" 
DIFFERENCE: 997 vs 700 
FILE IS DIFFERENT ENOUGH TO KEEP 
- 
DELETING OLDER FILES AT COMPUTER SIDE... 
COMPLETE! 
. 
. 
. 
-------------------------------------------------------------------------------------  
MAGICK-CAPTURE.BAT  
CALCULATING NEW FILE NAME 
SUBFILENAME CALCULATED AS 20200308-192443  
SC_FILENAME = "E:\.imgvisor\images\sc_20200308-192443_magick.jpg" 
------------------------- 
GETTING PREVIOUS FILE 
More Recent: "sc_20200308-192343_magick.jpg" 
----------------- 
TAKING SCREENSHOT 
------------------------- 
COMPARING PREVIOUS MINUTE 
""E:\.imgvisor\images\sc_20200308-192343_magick.jpg"" ""E:\.imgvisor\images\sc_20200308-192443_magick.jpg"" 
DIFFERENCE: 1128 vs 700 
FILE IS DIFFERENT ENOUGH TO KEEP 
- 
DELETING OLDER FILES AT COMPUTER SIDE... 
COMPLETE! 
. 
. 
. 
-------------------------------------------------------------------------------------  
MAGICK-CAPTURE.BAT  
CALCULATING NEW FILE NAME 
SUBFILENAME CALCULATED AS 20200308-192543  
SC_FILENAME = "E:\.imgvisor\images\sc_20200308-192543_magick.jpg" 
------------------------- 
GETTING PREVIOUS FILE 
More Recent: "sc_20200308-192443_magick.jpg" 
----------------- 
TAKING SCREENSHOT 
------------------------- 
COMPARING PREVIOUS MINUTE 
""E:\.imgvisor\images\sc_20200308-192443_magick.jpg"" ""E:\.imgvisor\images\sc_20200308-192543_magick.jpg"" 
DIFFERENCE: 1301 vs 700 
FILE IS DIFFERENT ENOUGH TO KEEP 
- 
DELETING OLDER FILES AT COMPUTER SIDE... 
COMPLETE! 
. 
. 
. 
-------------------------------------------------------------------------------------  
MAGICK-CAPTURE.BAT  
CALCULATING NEW FILE NAME 
SUBFILENAME CALCULATED AS 20200308-192643  
SC_FILENAME = "E:\.imgvisor\images\sc_20200308-192643_magick.jpg" 
------------------------- 
GETTING PREVIOUS FILE 
More Recent: "sc_20200308-192543_magick.jpg" 
----------------- 
TAKING SCREENSHOT 
------------------------- 
COMPARING PREVIOUS MINUTE 
""E:\.imgvisor\images\sc_20200308-192543_magick.jpg"" ""E:\.imgvisor\images\sc_20200308-192643_magick.jpg"" 
DIFFERENCE: 1090 vs 700 
FILE IS DIFFERENT ENOUGH TO KEEP 
- 
DELETING OLDER FILES AT COMPUTER SIDE... 
COMPLETE! 
. 
. 
. 
-------------------------------------------------------------------------------------  
MAGICK-CAPTURE.BAT  
CALCULATING NEW FILE NAME 
SUBFILENAME CALCULATED AS 20200308-192743  
SC_FILENAME = "E:\.imgvisor\images\sc_20200308-192743_magick.jpg" 
------------------------- 
GETTING PREVIOUS FILE 
More Recent: "sc_20200308-192643_magick.jpg" 
----------------- 
TAKING SCREENSHOT 
------------------------- 
COMPARING PREVIOUS MINUTE 
""E:\.imgvisor\images\sc_20200308-192643_magick.jpg"" ""E:\.imgvisor\images\sc_20200308-192743_magick.jpg"" 
DIFFERENCE: 1302 vs 700 
FILE IS DIFFERENT ENOUGH TO KEEP 
- 
DELETING OLDER FILES AT COMPUTER SIDE... 
COMPLETE! 
. 
. 
. 
-------------------------------------------------------------------------------------  
MAGICK-CAPTURE.BAT  
CALCULATING NEW FILE NAME 
SUBFILENAME CALCULATED AS 20200308-192843  
SC_FILENAME = "E:\.imgvisor\images\sc_20200308-192843_magick.jpg" 
------------------------- 
GETTING PREVIOUS FILE 
More Recent: "sc_20200308-192743_magick.jpg" 
----------------- 
TAKING SCREENSHOT 
------------------------- 
COMPARING PREVIOUS MINUTE 
""E:\.imgvisor\images\sc_20200308-192743_magick.jpg"" ""E:\.imgvisor\images\sc_20200308-192843_magick.jpg"" 
DIFFERENCE: 1298 vs 700 
FILE IS DIFFERENT ENOUGH TO KEEP 
- 
DELETING OLDER FILES AT COMPUTER SIDE... 
COMPLETE! 
. 
. 
. 
-------------------------------------------------------------------------------------  
MAGICK-CAPTURE.BAT  
CALCULATING NEW FILE NAME 
SUBFILENAME CALCULATED AS 20200308-192943  
SC_FILENAME = "E:\.imgvisor\images\sc_20200308-192943_magick.jpg" 
------------------------- 
GETTING PREVIOUS FILE 
More Recent: "sc_20200308-192843_magick.jpg" 
----------------- 
TAKING SCREENSHOT 
------------------------- 
COMPARING PREVIOUS MINUTE 
""E:\.imgvisor\images\sc_20200308-192843_magick.jpg"" ""E:\.imgvisor\images\sc_20200308-192943_magick.jpg"" 
DIFFERENCE: 1111 vs 700 
FILE IS DIFFERENT ENOUGH TO KEEP 
- 
DELETING OLDER FILES AT COMPUTER SIDE... 
COMPLETE! 
. 
. 
. 
-------------------------------------------------------------------------------------  
MAGICK-CAPTURE.BAT  
CALCULATING NEW FILE NAME 
SUBFILENAME CALCULATED AS 20200308-193043  
SC_FILENAME = "E:\.imgvisor\images\sc_20200308-193043_magick.jpg" 
------------------------- 
GETTING PREVIOUS FILE 
More Recent: "sc_20200308-192943_magick.jpg" 
----------------- 
TAKING SCREENSHOT 
------------------------- 
COMPARING PREVIOUS MINUTE 
""E:\.imgvisor\images\sc_20200308-192943_magick.jpg"" ""E:\.imgvisor\images\sc_20200308-193043_magick.jpg"" 
DIFFERENCE: 1317 vs 700 
FILE IS DIFFERENT ENOUGH TO KEEP 
- 
DELETING OLDER FILES AT COMPUTER SIDE... 
COMPLETE! 
. 
. 
. 
-------------------------------------------------------------------------------------  
MAGICK-CAPTURE.BAT  
CALCULATING NEW FILE NAME 
SUBFILENAME CALCULATED AS 20200308-193143  
SC_FILENAME = "E:\.imgvisor\images\sc_20200308-193143_magick.jpg" 
------------------------- 
GETTING PREVIOUS FILE 
More Recent: "sc_20200308-193043_magick.jpg" 
----------------- 
TAKING SCREENSHOT 
------------------------- 
COMPARING PREVIOUS MINUTE 
""E:\.imgvisor\images\sc_20200308-193043_magick.jpg"" ""E:\.imgvisor\images\sc_20200308-193143_magick.jpg"" 
DIFFERENCE: 1324 vs 700 
FILE IS DIFFERENT ENOUGH TO KEEP 
- 
DELETING OLDER FILES AT COMPUTER SIDE... 
COMPLETE! 
. 
. 
. 
-------------------------------------------------------------------------------------  
MAGICK-CAPTURE.BAT  
CALCULATING NEW FILE NAME 
SUBFILENAME CALCULATED AS 20200308-193243  
SC_FILENAME = "E:\.imgvisor\images\sc_20200308-193243_magick.jpg" 
------------------------- 
GETTING PREVIOUS FILE 
More Recent: "sc_20200308-193143_magick.jpg" 
----------------- 
TAKING SCREENSHOT 
------------------------- 
COMPARING PREVIOUS MINUTE 
""E:\.imgvisor\images\sc_20200308-193143_magick.jpg"" ""E:\.imgvisor\images\sc_20200308-193243_magick.jpg"" 
DIFFERENCE: 1238 vs 700 
FILE IS DIFFERENT ENOUGH TO KEEP 
- 
DELETING OLDER FILES AT COMPUTER SIDE... 
COMPLETE! 
. 
. 
. 
-------------------------------------------------------------------------------------  
MAGICK-CAPTURE.BAT  
CALCULATING NEW FILE NAME 
SUBFILENAME CALCULATED AS 20200308-193343  
SC_FILENAME = "E:\.imgvisor\images\sc_20200308-193343_magick.jpg" 
------------------------- 
GETTING PREVIOUS FILE 
More Recent: "sc_20200308-193243_magick.jpg" 
----------------- 
TAKING SCREENSHOT 
------------------------- 
COMPARING PREVIOUS MINUTE 
""E:\.imgvisor\images\sc_20200308-193243_magick.jpg"" ""E:\.imgvisor\images\sc_20200308-193343_magick.jpg"" 
DIFFERENCE: 997 vs 700 
FILE IS DIFFERENT ENOUGH TO KEEP 
- 
DELETING OLDER FILES AT COMPUTER SIDE... 
COMPLETE! 
. 
. 
. 
-------------------------------------------------------------------------------------  
MAGICK-CAPTURE.BAT  
CALCULATING NEW FILE NAME 
SUBFILENAME CALCULATED AS 20200308-193443  
SC_FILENAME = "E:\.imgvisor\images\sc_20200308-193443_magick.jpg" 
------------------------- 
GETTING PREVIOUS FILE 
More Recent: "sc_20200308-193343_magick.jpg" 
----------------- 
TAKING SCREENSHOT 
------------------------- 
COMPARING PREVIOUS MINUTE 
""E:\.imgvisor\images\sc_20200308-193343_magick.jpg"" ""E:\.imgvisor\images\sc_20200308-193443_magick.jpg"" 
DIFFERENCE: 1133 vs 700 
FILE IS DIFFERENT ENOUGH TO KEEP 
- 
DELETING OLDER FILES AT COMPUTER SIDE... 
COMPLETE! 
. 
. 
. 
-------------------------------------------------------------------------------------  
MAGICK-CAPTURE.BAT  
CALCULATING NEW FILE NAME 
SUBFILENAME CALCULATED AS 20200308-193543  
SC_FILENAME = "E:\.imgvisor\images\sc_20200308-193543_magick.jpg" 
------------------------- 
GETTING PREVIOUS FILE 
More Recent: "sc_20200308-193443_magick.jpg" 
----------------- 
TAKING SCREENSHOT 
------------------------- 
COMPARING PREVIOUS MINUTE 
""E:\.imgvisor\images\sc_20200308-193443_magick.jpg"" ""E:\.imgvisor\images\sc_20200308-193543_magick.jpg"" 
DIFFERENCE: 1301 vs 700 
FILE IS DIFFERENT ENOUGH TO KEEP 
- 
DELETING OLDER FILES AT COMPUTER SIDE... 
COMPLETE! 
. 
. 
. 
-------------------------------------------------------------------------------------  
MAGICK-CAPTURE.BAT  
CALCULATING NEW FILE NAME 
SUBFILENAME CALCULATED AS 20200308-193643  
SC_FILENAME = "E:\.imgvisor\images\sc_20200308-193643_magick.jpg" 
------------------------- 
GETTING PREVIOUS FILE 
More Recent: "sc_20200308-193543_magick.jpg" 
----------------- 
TAKING SCREENSHOT 
------------------------- 
COMPARING PREVIOUS MINUTE 
""E:\.imgvisor\images\sc_20200308-193543_magick.jpg"" ""E:\.imgvisor\images\sc_20200308-193643_magick.jpg"" 
DIFFERENCE: 1090 vs 700 
FILE IS DIFFERENT ENOUGH TO KEEP 
- 
DELETING OLDER FILES AT COMPUTER SIDE... 
COMPLETE! 
. 
. 
. 
-------------------------------------------------------------------------------------  
MAGICK-CAPTURE.BAT  
CALCULATING NEW FILE NAME 
SUBFILENAME CALCULATED AS 20200308-193743  
SC_FILENAME = "E:\.imgvisor\images\sc_20200308-193743_magick.jpg" 
------------------------- 
GETTING PREVIOUS FILE 
More Recent: "sc_20200308-193643_magick.jpg" 
----------------- 
TAKING SCREENSHOT 
------------------------- 
COMPARING PREVIOUS MINUTE 
""E:\.imgvisor\images\sc_20200308-193643_magick.jpg"" ""E:\.imgvisor\images\sc_20200308-193743_magick.jpg"" 
DIFFERENCE: 1306 vs 700 
FILE IS DIFFERENT ENOUGH TO KEEP 
- 
DELETING OLDER FILES AT COMPUTER SIDE... 
COMPLETE! 
. 
. 
. 
-------------------------------------------------------------------------------------  
MAGICK-CAPTURE.BAT  
CALCULATING NEW FILE NAME 
SUBFILENAME CALCULATED AS 20200308-193843  
SC_FILENAME = "E:\.imgvisor\images\sc_20200308-193843_magick.jpg" 
------------------------- 
GETTING PREVIOUS FILE 
More Recent: "sc_20200308-193743_magick.jpg" 
----------------- 
TAKING SCREENSHOT 
------------------------- 
COMPARING PREVIOUS MINUTE 
""E:\.imgvisor\images\sc_20200308-193743_magick.jpg"" ""E:\.imgvisor\images\sc_20200308-193843_magick.jpg"" 
DIFFERENCE: 1303 vs 700 
FILE IS DIFFERENT ENOUGH TO KEEP 
- 
DELETING OLDER FILES AT COMPUTER SIDE... 
COMPLETE! 
. 
. 
. 
-------------------------------------------------------------------------------------  
MAGICK-CAPTURE.BAT  
CALCULATING NEW FILE NAME 
SUBFILENAME CALCULATED AS 20200308-193943  
SC_FILENAME = "E:\.imgvisor\images\sc_20200308-193943_magick.jpg" 
------------------------- 
GETTING PREVIOUS FILE 
More Recent: "sc_20200308-193843_magick.jpg" 
----------------- 
TAKING SCREENSHOT 
------------------------- 
COMPARING PREVIOUS MINUTE 
""E:\.imgvisor\images\sc_20200308-193843_magick.jpg"" ""E:\.imgvisor\images\sc_20200308-193943_magick.jpg"" 
DIFFERENCE: 1111 vs 700 
FILE IS DIFFERENT ENOUGH TO KEEP 
- 
DELETING OLDER FILES AT COMPUTER SIDE... 
COMPLETE! 
. 
. 
. 
-------------------------------------------------------------------------------------  
MAGICK-CAPTURE.BAT  
CALCULATING NEW FILE NAME 
SUBFILENAME CALCULATED AS 20200308-194043  
SC_FILENAME = "E:\.imgvisor\images\sc_20200308-194043_magick.jpg" 
------------------------- 
GETTING PREVIOUS FILE 
More Recent: "sc_20200308-193943_magick.jpg" 
----------------- 
TAKING SCREENSHOT 
------------------------- 
COMPARING PREVIOUS MINUTE 
""E:\.imgvisor\images\sc_20200308-193943_magick.jpg"" ""E:\.imgvisor\images\sc_20200308-194043_magick.jpg"" 
DIFFERENCE: 1611 vs 700 
FILE IS DIFFERENT ENOUGH TO KEEP 
- 
DELETING OLDER FILES AT COMPUTER SIDE... 
COMPLETE! 
. 
. 
. 
-------------------------------------------------------------------------------------  
MAGICK-CAPTURE.BAT  
CALCULATING NEW FILE NAME 
SUBFILENAME CALCULATED AS 20200308-194143  
SC_FILENAME = "E:\.imgvisor\images\sc_20200308-194143_magick.jpg" 
------------------------- 
GETTING PREVIOUS FILE 
More Recent: "sc_20200308-194043_magick.jpg" 
----------------- 
TAKING SCREENSHOT 
------------------------- 
COMPARING PREVIOUS MINUTE 
""E:\.imgvisor\images\sc_20200308-194043_magick.jpg"" ""E:\.imgvisor\images\sc_20200308-194143_magick.jpg"" 
DIFFERENCE: 1320 vs 700 
FILE IS DIFFERENT ENOUGH TO KEEP 
- 
DELETING OLDER FILES AT COMPUTER SIDE... 
COMPLETE! 
. 
. 
. 
-------------------------------------------------------------------------------------  
MAGICK-CAPTURE.BAT  
CALCULATING NEW FILE NAME 
SUBFILENAME CALCULATED AS 20200308-194243  
SC_FILENAME = "E:\.imgvisor\images\sc_20200308-194243_magick.jpg" 
------------------------- 
GETTING PREVIOUS FILE 
More Recent: "sc_20200308-194143_magick.jpg" 
----------------- 
TAKING SCREENSHOT 
------------------------- 
COMPARING PREVIOUS MINUTE 
""E:\.imgvisor\images\sc_20200308-194143_magick.jpg"" ""E:\.imgvisor\images\sc_20200308-194243_magick.jpg"" 
DIFFERENCE: 1226 vs 700 
FILE IS DIFFERENT ENOUGH TO KEEP 
- 
DELETING OLDER FILES AT COMPUTER SIDE... 
COMPLETE! 
. 
. 
. 
-------------------------------------------------------------------------------------  
MAGICK-CAPTURE.BAT  
CALCULATING NEW FILE NAME 
SUBFILENAME CALCULATED AS 20200308-194343  
SC_FILENAME = "E:\.imgvisor\images\sc_20200308-194343_magick.jpg" 
------------------------- 
GETTING PREVIOUS FILE 
More Recent: "sc_20200308-194243_magick.jpg" 
----------------- 
TAKING SCREENSHOT 
------------------------- 
COMPARING PREVIOUS MINUTE 
""E:\.imgvisor\images\sc_20200308-194243_magick.jpg"" ""E:\.imgvisor\images\sc_20200308-194343_magick.jpg"" 
DIFFERENCE: 990 vs 700 
FILE IS DIFFERENT ENOUGH TO KEEP 
- 
DELETING OLDER FILES AT COMPUTER SIDE... 
COMPLETE! 
. 
. 
. 
-------------------------------------------------------------------------------------  
MAGICK-CAPTURE.BAT  
CALCULATING NEW FILE NAME 
SUBFILENAME CALCULATED AS 20200308-194443  
SC_FILENAME = "E:\.imgvisor\images\sc_20200308-194443_magick.jpg" 
------------------------- 
GETTING PREVIOUS FILE 
More Recent: "sc_20200308-194343_magick.jpg" 
----------------- 
TAKING SCREENSHOT 
------------------------- 
COMPARING PREVIOUS MINUTE 
""E:\.imgvisor\images\sc_20200308-194343_magick.jpg"" ""E:\.imgvisor\images\sc_20200308-194443_magick.jpg"" 
DIFFERENCE: 1114 vs 700 
FILE IS DIFFERENT ENOUGH TO KEEP 
- 
DELETING OLDER FILES AT COMPUTER SIDE... 
COMPLETE! 
. 
. 
. 
-------------------------------------------------------------------------------------  
MAGICK-CAPTURE.BAT  
CALCULATING NEW FILE NAME 
SUBFILENAME CALCULATED AS 20200308-194543  
SC_FILENAME = "E:\.imgvisor\images\sc_20200308-194543_magick.jpg" 
------------------------- 
GETTING PREVIOUS FILE 
More Recent: "sc_20200308-194443_magick.jpg" 
----------------- 
TAKING SCREENSHOT 
------------------------- 
COMPARING PREVIOUS MINUTE 
""E:\.imgvisor\images\sc_20200308-194443_magick.jpg"" ""E:\.imgvisor\images\sc_20200308-194543_magick.jpg"" 
DIFFERENCE: 1293 vs 700 
FILE IS DIFFERENT ENOUGH TO KEEP 
- 
DELETING OLDER FILES AT COMPUTER SIDE... 
COMPLETE! 
. 
. 
. 
-------------------------------------------------------------------------------------  
MAGICK-CAPTURE.BAT  
CALCULATING NEW FILE NAME 
SUBFILENAME CALCULATED AS 20200308-194643  
SC_FILENAME = "E:\.imgvisor\images\sc_20200308-194643_magick.jpg" 
------------------------- 
GETTING PREVIOUS FILE 
More Recent: "sc_20200308-194543_magick.jpg" 
----------------- 
TAKING SCREENSHOT 
------------------------- 
COMPARING PREVIOUS MINUTE 
""E:\.imgvisor\images\sc_20200308-194543_magick.jpg"" ""E:\.imgvisor\images\sc_20200308-194643_magick.jpg"" 
DIFFERENCE: 1084 vs 700 
FILE IS DIFFERENT ENOUGH TO KEEP 
- 
DELETING OLDER FILES AT COMPUTER SIDE... 
COMPLETE! 
. 
. 
. 
-------------------------------------------------------------------------------------  
MAGICK-CAPTURE.BAT  
CALCULATING NEW FILE NAME 
SUBFILENAME CALCULATED AS 20200308-194743  
SC_FILENAME = "E:\.imgvisor\images\sc_20200308-194743_magick.jpg" 
------------------------- 
GETTING PREVIOUS FILE 
More Recent: "sc_20200308-194643_magick.jpg" 
----------------- 
TAKING SCREENSHOT 
------------------------- 
COMPARING PREVIOUS MINUTE 
""E:\.imgvisor\images\sc_20200308-194643_magick.jpg"" ""E:\.imgvisor\images\sc_20200308-194743_magick.jpg"" 
DIFFERENCE: 1292 vs 700 
FILE IS DIFFERENT ENOUGH TO KEEP 
- 
DELETING OLDER FILES AT COMPUTER SIDE... 
COMPLETE! 
. 
. 
. 
-------------------------------------------------------------------------------------  
MAGICK-CAPTURE.BAT  
CALCULATING NEW FILE NAME 
SUBFILENAME CALCULATED AS 20200308-194843  
SC_FILENAME = "E:\.imgvisor\images\sc_20200308-194843_magick.jpg" 
------------------------- 
GETTING PREVIOUS FILE 
More Recent: "sc_20200308-194743_magick.jpg" 
----------------- 
TAKING SCREENSHOT 
------------------------- 
COMPARING PREVIOUS MINUTE 
""E:\.imgvisor\images\sc_20200308-194743_magick.jpg"" ""E:\.imgvisor\images\sc_20200308-194843_magick.jpg"" 
DIFFERENCE: 1289 vs 700 
FILE IS DIFFERENT ENOUGH TO KEEP 
- 
DELETING OLDER FILES AT COMPUTER SIDE... 
COMPLETE! 
. 
. 
. 
-------------------------------------------------------------------------------------  
MAGICK-CAPTURE.BAT  
CALCULATING NEW FILE NAME 
SUBFILENAME CALCULATED AS 20200308-194943  
SC_FILENAME = "E:\.imgvisor\images\sc_20200308-194943_magick.jpg" 
------------------------- 
GETTING PREVIOUS FILE 
More Recent: "sc_20200308-194843_magick.jpg" 
----------------- 
TAKING SCREENSHOT 
------------------------- 
COMPARING PREVIOUS MINUTE 
""E:\.imgvisor\images\sc_20200308-194843_magick.jpg"" ""E:\.imgvisor\images\sc_20200308-194943_magick.jpg"" 
DIFFERENCE: 1100 vs 700 
FILE IS DIFFERENT ENOUGH TO KEEP 
- 
DELETING OLDER FILES AT COMPUTER SIDE... 
COMPLETE! 
. 
. 
. 
-------------------------------------------------------------------------------------  
MAGICK-CAPTURE.BAT  
CALCULATING NEW FILE NAME 
SUBFILENAME CALCULATED AS 20200308-195043  
SC_FILENAME = "E:\.imgvisor\images\sc_20200308-195043_magick.jpg" 
------------------------- 
GETTING PREVIOUS FILE 
More Recent: "sc_20200308-194943_magick.jpg" 
----------------- 
TAKING SCREENSHOT 
------------------------- 
COMPARING PREVIOUS MINUTE 
""E:\.imgvisor\images\sc_20200308-194943_magick.jpg"" ""E:\.imgvisor\images\sc_20200308-195043_magick.jpg"" 
DIFFERENCE: 1549 vs 700 
FILE IS DIFFERENT ENOUGH TO KEEP 
- 
DELETING OLDER FILES AT COMPUTER SIDE... 
COMPLETE! 
. 
. 
. 
-------------------------------------------------------------------------------------  
MAGICK-CAPTURE.BAT  
CALCULATING NEW FILE NAME 
SUBFILENAME CALCULATED AS 20200308-195143  
SC_FILENAME = "E:\.imgvisor\images\sc_20200308-195143_magick.jpg" 
------------------------- 
GETTING PREVIOUS FILE 
More Recent: "sc_20200308-195043_magick.jpg" 
----------------- 
TAKING SCREENSHOT 
------------------------- 
COMPARING PREVIOUS MINUTE 
""E:\.imgvisor\images\sc_20200308-195043_magick.jpg"" ""E:\.imgvisor\images\sc_20200308-195143_magick.jpg"" 
DIFFERENCE: 1324 vs 700 
FILE IS DIFFERENT ENOUGH TO KEEP 
- 
DELETING OLDER FILES AT COMPUTER SIDE... 
COMPLETE! 
. 
. 
. 
-------------------------------------------------------------------------------------  
MAGICK-CAPTURE.BAT  
CALCULATING NEW FILE NAME 
SUBFILENAME CALCULATED AS 20200308-195243  
SC_FILENAME = "E:\.imgvisor\images\sc_20200308-195243_magick.jpg" 
------------------------- 
GETTING PREVIOUS FILE 
More Recent: "sc_20200308-195143_magick.jpg" 
----------------- 
TAKING SCREENSHOT 
------------------------- 
COMPARING PREVIOUS MINUTE 
""E:\.imgvisor\images\sc_20200308-195143_magick.jpg"" ""E:\.imgvisor\images\sc_20200308-195243_magick.jpg"" 
DIFFERENCE: 1238 vs 700 
FILE IS DIFFERENT ENOUGH TO KEEP 
- 
DELETING OLDER FILES AT COMPUTER SIDE... 
COMPLETE! 
. 
. 
. 
-------------------------------------------------------------------------------------  
MAGICK-CAPTURE.BAT  
CALCULATING NEW FILE NAME 
SUBFILENAME CALCULATED AS 20200308-195343  
SC_FILENAME = "E:\.imgvisor\images\sc_20200308-195343_magick.jpg" 
------------------------- 
GETTING PREVIOUS FILE 
More Recent: "sc_20200308-195243_magick.jpg" 
----------------- 
TAKING SCREENSHOT 
------------------------- 
COMPARING PREVIOUS MINUTE 
""E:\.imgvisor\images\sc_20200308-195243_magick.jpg"" ""E:\.imgvisor\images\sc_20200308-195343_magick.jpg"" 
DIFFERENCE: 997 vs 700 
FILE IS DIFFERENT ENOUGH TO KEEP 
- 
DELETING OLDER FILES AT COMPUTER SIDE... 
COMPLETE! 
. 
. 
. 
-------------------------------------------------------------------------------------  
MAGICK-CAPTURE.BAT  
CALCULATING NEW FILE NAME 
SUBFILENAME CALCULATED AS 20200308-195443  
SC_FILENAME = "E:\.imgvisor\images\sc_20200308-195443_magick.jpg" 
------------------------- 
GETTING PREVIOUS FILE 
More Recent: "sc_20200308-195343_magick.jpg" 
----------------- 
TAKING SCREENSHOT 
------------------------- 
COMPARING PREVIOUS MINUTE 
""E:\.imgvisor\images\sc_20200308-195343_magick.jpg"" ""E:\.imgvisor\images\sc_20200308-195443_magick.jpg"" 
DIFFERENCE: 1128 vs 700 
FILE IS DIFFERENT ENOUGH TO KEEP 
- 
DELETING OLDER FILES AT COMPUTER SIDE... 
COMPLETE! 
. 
. 
. 
-------------------------------------------------------------------------------------  
MAGICK-CAPTURE.BAT  
CALCULATING NEW FILE NAME 
SUBFILENAME CALCULATED AS 20200308-195543  
SC_FILENAME = "E:\.imgvisor\images\sc_20200308-195543_magick.jpg" 
------------------------- 
GETTING PREVIOUS FILE 
More Recent: "sc_20200308-195443_magick.jpg" 
----------------- 
TAKING SCREENSHOT 
------------------------- 
COMPARING PREVIOUS MINUTE 
""E:\.imgvisor\images\sc_20200308-195443_magick.jpg"" ""E:\.imgvisor\images\sc_20200308-195543_magick.jpg"" 
DIFFERENCE: 1301 vs 700 
FILE IS DIFFERENT ENOUGH TO KEEP 
- 
DELETING OLDER FILES AT COMPUTER SIDE... 
COMPLETE! 
. 
. 
. 
-------------------------------------------------------------------------------------  
MAGICK-CAPTURE.BAT  
CALCULATING NEW FILE NAME 
SUBFILENAME CALCULATED AS 20200308-195643  
SC_FILENAME = "E:\.imgvisor\images\sc_20200308-195643_magick.jpg" 
------------------------- 
GETTING PREVIOUS FILE 
More Recent: "sc_20200308-195543_magick.jpg" 
----------------- 
TAKING SCREENSHOT 
------------------------- 
COMPARING PREVIOUS MINUTE 
""E:\.imgvisor\images\sc_20200308-195543_magick.jpg"" ""E:\.imgvisor\images\sc_20200308-195643_magick.jpg"" 
DIFFERENCE: 1090 vs 700 
FILE IS DIFFERENT ENOUGH TO KEEP 
- 
DELETING OLDER FILES AT COMPUTER SIDE... 
COMPLETE! 
. 
. 
. 
-------------------------------------------------------------------------------------  
MAGICK-CAPTURE.BAT  
CALCULATING NEW FILE NAME 
SUBFILENAME CALCULATED AS 20200308-195743  
SC_FILENAME = "E:\.imgvisor\images\sc_20200308-195743_magick.jpg" 
------------------------- 
GETTING PREVIOUS FILE 
More Recent: "sc_20200308-195643_magick.jpg" 
----------------- 
TAKING SCREENSHOT 
------------------------- 
COMPARING PREVIOUS MINUTE 
""E:\.imgvisor\images\sc_20200308-195643_magick.jpg"" ""E:\.imgvisor\images\sc_20200308-195743_magick.jpg"" 
DIFFERENCE: 1302 vs 700 
FILE IS DIFFERENT ENOUGH TO KEEP 
- 
DELETING OLDER FILES AT COMPUTER SIDE... 
COMPLETE! 
. 
. 
. 
-------------------------------------------------------------------------------------  
MAGICK-CAPTURE.BAT  
CALCULATING NEW FILE NAME 
SUBFILENAME CALCULATED AS 20200308-195843  
SC_FILENAME = "E:\.imgvisor\images\sc_20200308-195843_magick.jpg" 
------------------------- 
GETTING PREVIOUS FILE 
More Recent: "sc_20200308-195743_magick.jpg" 
----------------- 
TAKING SCREENSHOT 
------------------------- 
COMPARING PREVIOUS MINUTE 
""E:\.imgvisor\images\sc_20200308-195743_magick.jpg"" ""E:\.imgvisor\images\sc_20200308-195843_magick.jpg"" 
DIFFERENCE: 1298 vs 700 
FILE IS DIFFERENT ENOUGH TO KEEP 
- 
DELETING OLDER FILES AT COMPUTER SIDE... 
COMPLETE! 
. 
. 
. 
-------------------------------------------------------------------------------------  
MAGICK-CAPTURE.BAT  
CALCULATING NEW FILE NAME 
SUBFILENAME CALCULATED AS 20200308-195943  
SC_FILENAME = "E:\.imgvisor\images\sc_20200308-195943_magick.jpg" 
------------------------- 
GETTING PREVIOUS FILE 
More Recent: "sc_20200308-195843_magick.jpg" 
----------------- 
TAKING SCREENSHOT 
------------------------- 
COMPARING PREVIOUS MINUTE 
""E:\.imgvisor\images\sc_20200308-195843_magick.jpg"" ""E:\.imgvisor\images\sc_20200308-195943_magick.jpg"" 
DIFFERENCE: 1111 vs 700 
FILE IS DIFFERENT ENOUGH TO KEEP 
- 
DELETING OLDER FILES AT COMPUTER SIDE... 
COMPLETE! 
. 
. 
. 
-------------------------------------------------------------------------------------  
MAGICK-CAPTURE.BAT  
CALCULATING NEW FILE NAME 
SUBFILENAME CALCULATED AS 20200308-200043  
SC_FILENAME = "E:\.imgvisor\images\sc_20200308-200043_magick.jpg" 
------------------------- 
GETTING PREVIOUS FILE 
More Recent: "sc_20200308-195943_magick.jpg" 
----------------- 
TAKING SCREENSHOT 
------------------------- 
COMPARING PREVIOUS MINUTE 
""E:\.imgvisor\images\sc_20200308-195943_magick.jpg"" ""E:\.imgvisor\images\sc_20200308-200043_magick.jpg"" 
DIFFERENCE: 1807 vs 700 
FILE IS DIFFERENT ENOUGH TO KEEP 
- 
DELETING OLDER FILES AT COMPUTER SIDE... 
COMPLETE! 
. 
. 
. 
-------------------------------------------------------------------------------------  
MAGICK-CAPTURE.BAT  
CALCULATING NEW FILE NAME 
SUBFILENAME CALCULATED AS 20200308-200143  
SC_FILENAME = "E:\.imgvisor\images\sc_20200308-200143_magick.jpg" 
------------------------- 
GETTING PREVIOUS FILE 
More Recent: "sc_20200308-200043_magick.jpg" 
----------------- 
TAKING SCREENSHOT 
------------------------- 
COMPARING PREVIOUS MINUTE 
""E:\.imgvisor\images\sc_20200308-200043_magick.jpg"" ""E:\.imgvisor\images\sc_20200308-200143_magick.jpg"" 
DIFFERENCE: 1322 vs 700 
FILE IS DIFFERENT ENOUGH TO KEEP 
- 
DELETING OLDER FILES AT COMPUTER SIDE... 
COMPLETE! 
. 
. 
. 
-------------------------------------------------------------------------------------  
MAGICK-CAPTURE.BAT  
CALCULATING NEW FILE NAME 
SUBFILENAME CALCULATED AS 20200308-200243  
SC_FILENAME = "E:\.imgvisor\images\sc_20200308-200243_magick.jpg" 
------------------------- 
GETTING PREVIOUS FILE 
More Recent: "sc_20200308-200143_magick.jpg" 
----------------- 
TAKING SCREENSHOT 
------------------------- 
COMPARING PREVIOUS MINUTE 
""E:\.imgvisor\images\sc_20200308-200143_magick.jpg"" ""E:\.imgvisor\images\sc_20200308-200243_magick.jpg"" 
DIFFERENCE: 1243 vs 700 
FILE IS DIFFERENT ENOUGH TO KEEP 
- 
DELETING OLDER FILES AT COMPUTER SIDE... 
COMPLETE! 
. 
. 
. 
-------------------------------------------------------------------------------------  
MAGICK-CAPTURE.BAT  
CALCULATING NEW FILE NAME 
SUBFILENAME CALCULATED AS 20200308-200343  
SC_FILENAME = "E:\.imgvisor\images\sc_20200308-200343_magick.jpg" 
------------------------- 
GETTING PREVIOUS FILE 
More Recent: "sc_20200308-200243_magick.jpg" 
----------------- 
TAKING SCREENSHOT 
------------------------- 
COMPARING PREVIOUS MINUTE 
""E:\.imgvisor\images\sc_20200308-200243_magick.jpg"" ""E:\.imgvisor\images\sc_20200308-200343_magick.jpg"" 
DIFFERENCE: 998 vs 700 
FILE IS DIFFERENT ENOUGH TO KEEP 
- 
DELETING OLDER FILES AT COMPUTER SIDE... 
COMPLETE! 
. 
. 
. 
-------------------------------------------------------------------------------------  
MAGICK-CAPTURE.BAT  
CALCULATING NEW FILE NAME 
SUBFILENAME CALCULATED AS 20200308-200443  
SC_FILENAME = "E:\.imgvisor\images\sc_20200308-200443_magick.jpg" 
------------------------- 
GETTING PREVIOUS FILE 
More Recent: "sc_20200308-200343_magick.jpg" 
----------------- 
TAKING SCREENSHOT 
------------------------- 
COMPARING PREVIOUS MINUTE 
""E:\.imgvisor\images\sc_20200308-200343_magick.jpg"" ""E:\.imgvisor\images\sc_20200308-200443_magick.jpg"" 
DIFFERENCE: 1133 vs 700 
FILE IS DIFFERENT ENOUGH TO KEEP 
- 
DELETING OLDER FILES AT COMPUTER SIDE... 
COMPLETE! 
. 
. 
. 
-------------------------------------------------------------------------------------  
MAGICK-CAPTURE.BAT  
CALCULATING NEW FILE NAME 
SUBFILENAME CALCULATED AS 20200308-200543  
SC_FILENAME = "E:\.imgvisor\images\sc_20200308-200543_magick.jpg" 
------------------------- 
GETTING PREVIOUS FILE 
More Recent: "sc_20200308-200443_magick.jpg" 
----------------- 
TAKING SCREENSHOT 
------------------------- 
COMPARING PREVIOUS MINUTE 
""E:\.imgvisor\images\sc_20200308-200443_magick.jpg"" ""E:\.imgvisor\images\sc_20200308-200543_magick.jpg"" 
DIFFERENCE: 1308 vs 700 
FILE IS DIFFERENT ENOUGH TO KEEP 
- 
DELETING OLDER FILES AT COMPUTER SIDE... 
COMPLETE! 
. 
. 
. 
-------------------------------------------------------------------------------------  
MAGICK-CAPTURE.BAT  
CALCULATING NEW FILE NAME 
SUBFILENAME CALCULATED AS 20200308-200643  
SC_FILENAME = "E:\.imgvisor\images\sc_20200308-200643_magick.jpg" 
------------------------- 
GETTING PREVIOUS FILE 
More Recent: "sc_20200308-200543_magick.jpg" 
----------------- 
TAKING SCREENSHOT 
------------------------- 
COMPARING PREVIOUS MINUTE 
""E:\.imgvisor\images\sc_20200308-200543_magick.jpg"" ""E:\.imgvisor\images\sc_20200308-200643_magick.jpg"" 
DIFFERENCE: 1084 vs 700 
FILE IS DIFFERENT ENOUGH TO KEEP 
- 
DELETING OLDER FILES AT COMPUTER SIDE... 
COMPLETE! 
. 
. 
. 
-------------------------------------------------------------------------------------  
MAGICK-CAPTURE.BAT  
CALCULATING NEW FILE NAME 
SUBFILENAME CALCULATED AS 20200308-200743  
SC_FILENAME = "E:\.imgvisor\images\sc_20200308-200743_magick.jpg" 
------------------------- 
GETTING PREVIOUS FILE 
More Recent: "sc_20200308-200643_magick.jpg" 
----------------- 
TAKING SCREENSHOT 
------------------------- 
COMPARING PREVIOUS MINUTE 
""E:\.imgvisor\images\sc_20200308-200643_magick.jpg"" ""E:\.imgvisor\images\sc_20200308-200743_magick.jpg"" 
DIFFERENCE: 1302 vs 700 
FILE IS DIFFERENT ENOUGH TO KEEP 
- 
DELETING OLDER FILES AT COMPUTER SIDE... 
COMPLETE! 
. 
. 
. 
-------------------------------------------------------------------------------------  
MAGICK-CAPTURE.BAT  
CALCULATING NEW FILE NAME 
SUBFILENAME CALCULATED AS 20200308-200843  
SC_FILENAME = "E:\.imgvisor\images\sc_20200308-200843_magick.jpg" 
------------------------- 
GETTING PREVIOUS FILE 
More Recent: "sc_20200308-200743_magick.jpg" 
----------------- 
TAKING SCREENSHOT 
------------------------- 
COMPARING PREVIOUS MINUTE 
""E:\.imgvisor\images\sc_20200308-200743_magick.jpg"" ""E:\.imgvisor\images\sc_20200308-200843_magick.jpg"" 
DIFFERENCE: 1306 vs 700 
FILE IS DIFFERENT ENOUGH TO KEEP 
- 
DELETING OLDER FILES AT COMPUTER SIDE... 
COMPLETE! 
. 
. 
. 
-------------------------------------------------------------------------------------  
MAGICK-CAPTURE.BAT  
CALCULATING NEW FILE NAME 
SUBFILENAME CALCULATED AS 20200308-200943  
SC_FILENAME = "E:\.imgvisor\images\sc_20200308-200943_magick.jpg" 
------------------------- 
GETTING PREVIOUS FILE 
More Recent: "sc_20200308-200843_magick.jpg" 
----------------- 
TAKING SCREENSHOT 
------------------------- 
COMPARING PREVIOUS MINUTE 
""E:\.imgvisor\images\sc_20200308-200843_magick.jpg"" ""E:\.imgvisor\images\sc_20200308-200943_magick.jpg"" 
DIFFERENCE: 1110 vs 700 
FILE IS DIFFERENT ENOUGH TO KEEP 
- 
DELETING OLDER FILES AT COMPUTER SIDE... 
COMPLETE! 
. 
. 
. 
-------------------------------------------------------------------------------------  
MAGICK-CAPTURE.BAT  
CALCULATING NEW FILE NAME 
SUBFILENAME CALCULATED AS 20200308-201043  
SC_FILENAME = "E:\.imgvisor\images\sc_20200308-201043_magick.jpg" 
------------------------- 
GETTING PREVIOUS FILE 
More Recent: "sc_20200308-200943_magick.jpg" 
----------------- 
TAKING SCREENSHOT 
------------------------- 
COMPARING PREVIOUS MINUTE 
""E:\.imgvisor\images\sc_20200308-200943_magick.jpg"" ""E:\.imgvisor\images\sc_20200308-201043_magick.jpg"" 
DIFFERENCE: 1874 vs 700 
FILE IS DIFFERENT ENOUGH TO KEEP 
- 
DELETING OLDER FILES AT COMPUTER SIDE... 
COMPLETE! 
. 
. 
. 
-------------------------------------------------------------------------------------  
MAGICK-CAPTURE.BAT  
CALCULATING NEW FILE NAME 
SUBFILENAME CALCULATED AS 20200308-201143  
SC_FILENAME = "E:\.imgvisor\images\sc_20200308-201143_magick.jpg" 
------------------------- 
GETTING PREVIOUS FILE 
More Recent: "sc_20200308-201043_magick.jpg" 
----------------- 
TAKING SCREENSHOT 
------------------------- 
COMPARING PREVIOUS MINUTE 
""E:\.imgvisor\images\sc_20200308-201043_magick.jpg"" ""E:\.imgvisor\images\sc_20200308-201143_magick.jpg"" 
DIFFERENCE: 1295 vs 700 
FILE IS DIFFERENT ENOUGH TO KEEP 
- 
DELETING OLDER FILES AT COMPUTER SIDE... 
COMPLETE! 
. 
. 
. 
-------------------------------------------------------------------------------------  
MAGICK-CAPTURE.BAT  
CALCULATING NEW FILE NAME 
SUBFILENAME CALCULATED AS 20200308-201243  
SC_FILENAME = "E:\.imgvisor\images\sc_20200308-201243_magick.jpg" 
------------------------- 
GETTING PREVIOUS FILE 
More Recent: "sc_20200308-201143_magick.jpg" 
----------------- 
TAKING SCREENSHOT 
------------------------- 
COMPARING PREVIOUS MINUTE 
""E:\.imgvisor\images\sc_20200308-201143_magick.jpg"" ""E:\.imgvisor\images\sc_20200308-201243_magick.jpg"" 
DIFFERENCE: 1275 vs 700 
FILE IS DIFFERENT ENOUGH TO KEEP 
- 
DELETING OLDER FILES AT COMPUTER SIDE... 
COMPLETE! 
. 
. 
. 
-------------------------------------------------------------------------------------  
MAGICK-CAPTURE.BAT  
CALCULATING NEW FILE NAME 
SUBFILENAME CALCULATED AS 20200308-201343  
SC_FILENAME = "E:\.imgvisor\images\sc_20200308-201343_magick.jpg" 
------------------------- 
GETTING PREVIOUS FILE 
More Recent: "sc_20200308-201243_magick.jpg" 
----------------- 
TAKING SCREENSHOT 
------------------------- 
COMPARING PREVIOUS MINUTE 
""E:\.imgvisor\images\sc_20200308-201243_magick.jpg"" ""E:\.imgvisor\images\sc_20200308-201343_magick.jpg"" 
DIFFERENCE: 1071 vs 700 
FILE IS DIFFERENT ENOUGH TO KEEP 
- 
DELETING OLDER FILES AT COMPUTER SIDE... 
COMPLETE! 
. 
. 
. 
-------------------------------------------------------------------------------------  
MAGICK-CAPTURE.BAT  
CALCULATING NEW FILE NAME 
SUBFILENAME CALCULATED AS 20200308-201443  
SC_FILENAME = "E:\.imgvisor\images\sc_20200308-201443_magick.jpg" 
------------------------- 
GETTING PREVIOUS FILE 
More Recent: "sc_20200308-201343_magick.jpg" 
----------------- 
TAKING SCREENSHOT 
------------------------- 
COMPARING PREVIOUS MINUTE 
""E:\.imgvisor\images\sc_20200308-201343_magick.jpg"" ""E:\.imgvisor\images\sc_20200308-201443_magick.jpg"" 
DIFFERENCE: 1179 vs 700 
FILE IS DIFFERENT ENOUGH TO KEEP 
- 
DELETING OLDER FILES AT COMPUTER SIDE... 
COMPLETE! 
. 
. 
. 
-------------------------------------------------------------------------------------  
MAGICK-CAPTURE.BAT  
CALCULATING NEW FILE NAME 
SUBFILENAME CALCULATED AS 20200308-201543  
SC_FILENAME = "E:\.imgvisor\images\sc_20200308-201543_magick.jpg" 
------------------------- 
GETTING PREVIOUS FILE 
More Recent: "sc_20200308-201443_magick.jpg" 
----------------- 
TAKING SCREENSHOT 
------------------------- 
COMPARING PREVIOUS MINUTE 
""E:\.imgvisor\images\sc_20200308-201443_magick.jpg"" ""E:\.imgvisor\images\sc_20200308-201543_magick.jpg"" 
DIFFERENCE: 1284 vs 700 
FILE IS DIFFERENT ENOUGH TO KEEP 
- 
DELETING OLDER FILES AT COMPUTER SIDE... 
COMPLETE! 
. 
. 
. 
-------------------------------------------------------------------------------------  
MAGICK-CAPTURE.BAT  
CALCULATING NEW FILE NAME 
SUBFILENAME CALCULATED AS 20200308-201643  
SC_FILENAME = "E:\.imgvisor\images\sc_20200308-201643_magick.jpg" 
------------------------- 
GETTING PREVIOUS FILE 
More Recent: "sc_20200308-201543_magick.jpg" 
----------------- 
TAKING SCREENSHOT 
------------------------- 
COMPARING PREVIOUS MINUTE 
""E:\.imgvisor\images\sc_20200308-201543_magick.jpg"" ""E:\.imgvisor\images\sc_20200308-201643_magick.jpg"" 
DIFFERENCE: 41736 vs 700 
FILE IS DIFFERENT ENOUGH TO KEEP 
- 
DELETING OLDER FILES AT COMPUTER SIDE... 
COMPLETE! 
. 
. 
. 
-------------------------------------------------------------------------------------  
MAGICK-CAPTURE.BAT  
CALCULATING NEW FILE NAME 
SUBFILENAME CALCULATED AS 20200308-201743  
SC_FILENAME = "E:\.imgvisor\images\sc_20200308-201743_magick.jpg" 
------------------------- 
GETTING PREVIOUS FILE 
More Recent: "sc_20200308-201643_magick.jpg" 
----------------- 
TAKING SCREENSHOT 
------------------------- 
COMPARING PREVIOUS MINUTE 
""E:\.imgvisor\images\sc_20200308-201643_magick.jpg"" ""E:\.imgvisor\images\sc_20200308-201743_magick.jpg"" 
DIFFERENCE: 10496 vs 700 
FILE IS DIFFERENT ENOUGH TO KEEP 
- 
DELETING OLDER FILES AT COMPUTER SIDE... 
COMPLETE! 
. 
. 
. 
-------------------------------------------------------------------------------------  
MAGICK-CAPTURE.BAT  
CALCULATING NEW FILE NAME 
SUBFILENAME CALCULATED AS 20200308-201843  
SC_FILENAME = "E:\.imgvisor\images\sc_20200308-201843_magick.jpg" 
------------------------- 
GETTING PREVIOUS FILE 
More Recent: "sc_20200308-201743_magick.jpg" 
----------------- 
TAKING SCREENSHOT 
------------------------- 
COMPARING PREVIOUS MINUTE 
""E:\.imgvisor\images\sc_20200308-201743_magick.jpg"" ""E:\.imgvisor\images\sc_20200308-201843_magick.jpg"" 
DIFFERENCE: 1217 vs 700 
FILE IS DIFFERENT ENOUGH TO KEEP 
- 
DELETING OLDER FILES AT COMPUTER SIDE... 
COMPLETE! 
. 
. 
. 
-------------------------------------------------------------------------------------  
MAGICK-CAPTURE.BAT  
CALCULATING NEW FILE NAME 
SUBFILENAME CALCULATED AS 20200308-201943  
SC_FILENAME = "E:\.imgvisor\images\sc_20200308-201943_magick.jpg" 
------------------------- 
GETTING PREVIOUS FILE 
More Recent: "sc_20200308-201843_magick.jpg" 
----------------- 
TAKING SCREENSHOT 
------------------------- 
COMPARING PREVIOUS MINUTE 
""E:\.imgvisor\images\sc_20200308-201843_magick.jpg"" ""E:\.imgvisor\images\sc_20200308-201943_magick.jpg"" 
DIFFERENCE: 162 vs 700 
DELETING TOO SIMILAR SCREENSHOT ""E:\.imgvisor\images\sc_20200308-201943_magick.jpg"" 
- 
DELETING OLDER FILES AT COMPUTER SIDE... 
COMPLETE! 
. 
. 
. 
-------------------------------------------------------------------------------------  
MAGICK-CAPTURE.BAT  
CALCULATING NEW FILE NAME 
SUBFILENAME CALCULATED AS 20200308-202043  
SC_FILENAME = "E:\.imgvisor\images\sc_20200308-202043_magick.jpg" 
------------------------- 
GETTING PREVIOUS FILE 
More Recent: "sc_20200308-201843_magick.jpg" 
----------------- 
TAKING SCREENSHOT 
------------------------- 
COMPARING PREVIOUS MINUTE 
""E:\.imgvisor\images\sc_20200308-201843_magick.jpg"" ""E:\.imgvisor\images\sc_20200308-202043_magick.jpg"" 
DIFFERENCE: 3410 vs 700 
FILE IS DIFFERENT ENOUGH TO KEEP 
- 
DELETING OLDER FILES AT COMPUTER SIDE... 
COMPLETE! 
. 
. 
. 
-------------------------------------------------------------------------------------  
MAGICK-CAPTURE.BAT  
CALCULATING NEW FILE NAME 
SUBFILENAME CALCULATED AS 20200308-202143  
SC_FILENAME = "E:\.imgvisor\images\sc_20200308-202143_magick.jpg" 
------------------------- 
GETTING PREVIOUS FILE 
More Recent: "sc_20200308-202043_magick.jpg" 
----------------- 
TAKING SCREENSHOT 
------------------------- 
COMPARING PREVIOUS MINUTE 
""E:\.imgvisor\images\sc_20200308-202043_magick.jpg"" ""E:\.imgvisor\images\sc_20200308-202143_magick.jpg"" 
DIFFERENCE: 9190 vs 700 
FILE IS DIFFERENT ENOUGH TO KEEP 
- 
DELETING OLDER FILES AT COMPUTER SIDE... 
COMPLETE! 
. 
. 
. 
-------------------------------------------------------------------------------------  
MAGICK-CAPTURE.BAT  
CALCULATING NEW FILE NAME 
SUBFILENAME CALCULATED AS 20200308-202242  
SC_FILENAME = "E:\.imgvisor\images\sc_20200308-202242_magick.jpg" 
------------------------- 
GETTING PREVIOUS FILE 
More Recent: "sc_20200308-202143_magick.jpg" 
----------------- 
TAKING SCREENSHOT 
------------------------- 
COMPARING PREVIOUS MINUTE 
""E:\.imgvisor\images\sc_20200308-202143_magick.jpg"" ""E:\.imgvisor\images\sc_20200308-202242_magick.jpg"" 
DIFFERENCE: 9893 vs 700 
FILE IS DIFFERENT ENOUGH TO KEEP 
- 
DELETING OLDER FILES AT COMPUTER SIDE... 
COMPLETE! 
. 
. 
. 
-------------------------------------------------------------------------------------  
MAGICK-CAPTURE.BAT  
CALCULATING NEW FILE NAME 
SUBFILENAME CALCULATED AS 20200308-202342  
SC_FILENAME = "E:\.imgvisor\images\sc_20200308-202342_magick.jpg" 
------------------------- 
GETTING PREVIOUS FILE 
More Recent: "sc_20200308-202242_magick.jpg" 
----------------- 
TAKING SCREENSHOT 
------------------------- 
COMPARING PREVIOUS MINUTE 
""E:\.imgvisor\images\sc_20200308-202242_magick.jpg"" ""E:\.imgvisor\images\sc_20200308-202342_magick.jpg"" 
DIFFERENCE: 3942 vs 700 
FILE IS DIFFERENT ENOUGH TO KEEP 
- 
DELETING OLDER FILES AT COMPUTER SIDE... 
COMPLETE! 
